\BOOKMARK [1][-]{section.1}{\376\377\000I\000n\000t\000r\000o\000d\000u\000c\000c\000i\000\363\000n}{}% 1
\BOOKMARK [1][-]{section.2}{\376\377\000O\000s\000c\000i\000l\000a\000d\000o\000r}{}% 2
\BOOKMARK [2][-]{subsection.2.1}{\376\377\000O\000s\000c\000i\000l\000a\000d\000o\000r\000\040\000d\000e\000\040\000r\000e\000l\000a\000j\000a\000c\000i\000\363\000n}{section.2}% 3
\BOOKMARK [1][-]{section.3}{\376\377\000F\000i\000l\000t\000r\000o}{}% 4
\BOOKMARK [1][-]{section.4}{\376\377\000S\000a\000m\000p\000l\000e\000\040\000\046\000\040\000H\000o\000l\000d}{}% 5
\BOOKMARK [1][-]{section.5}{\376\377\000M\000u\000e\000s\000t\000r\000e\000o\000\040\000n\000a\000t\000u\000r\000a\000l\000,\000\040\000I\000n\000s\000t\000a\000n\000t\000\341\000n\000e\000o\000\040\000y\000\040\000S\000\046\000H}{}% 6
\BOOKMARK [2][-]{subsection.5.1}{\376\377\000I\000n\000t\000r\000o\000d\000u\000c\000c\000i\000\363\000n\000\040\000t\000e\000\363\000r\000i\000c\000a}{section.5}% 7
\BOOKMARK [3][-]{subsubsection.5.1.1}{\376\377\000M\000u\000e\000s\000t\000r\000e\000o\000\040\000i\000n\000s\000t\000a\000n\000t\000\341\000n\000e\000o}{subsection.5.1}% 8
\BOOKMARK [3][-]{subsubsection.5.1.2}{\376\377\000M\000u\000e\000s\000t\000r\000e\000o\000\040\000n\000a\000t\000u\000r\000a\000l}{subsection.5.1}% 9
\BOOKMARK [3][-]{subsubsection.5.1.3}{\376\377\000M\000u\000e\000s\000t\000r\000e\000o\000\040\000c\000o\000n\000\040\000S\000\046\000H}{subsection.5.1}% 10
\BOOKMARK [3][-]{subsubsection.5.1.4}{\376\377\000F\000i\000l\000t\000r\000o\000s}{subsection.5.1}% 11
\BOOKMARK [2][-]{subsection.5.2}{\376\377\000M\000a\000r\000c\000o\000\040\000e\000x\000p\000e\000r\000i\000m\000e\000n\000t\000a\000l}{section.5}% 12
\BOOKMARK [3][-]{subsubsection.5.2.1}{\376\377\000S\000a\000l\000i\000d\000a\000\040\000p\000r\000o\000p\000o\000r\000c\000i\000o\000n\000a\000l}{subsection.5.2}% 13
\BOOKMARK [3][-]{subsubsection.5.2.2}{\376\377\000S\000e\000n\000o\000i\000d\000a\000l\000\040\000c\000o\000n\000\040\000f\000s\000\040\000=\000\040\000f\000i\000n\000\040\000<\000f\000p}{subsection.5.2}% 14
\BOOKMARK [3][-]{subsubsection.5.2.3}{\376\377\000V\000a\000r\000i\000a\000c\000i\000\363\000n\000\040\000d\000e\000\040\000f\000r\000e\000c\000u\000e\000n\000c\000i\000a\000\040\000d\000e\000\040\000s\000e\000\361\000a\000l\000\040\000c\000u\000a\000d\000r\000a\000d\000a}{subsection.5.2}% 15
\BOOKMARK [1][-]{section.6}{\376\377\000M\000u\000e\000s\000t\000r\000e\000o\000\040\000I\000n\000s\000t\000a\000n\000t\000\341\000n\000e\000o}{}% 16
\BOOKMARK [2][-]{subsection.6.1}{\376\377\000C\000o\000n\000d\000i\000c\000i\000o\000n\000e\000s\000\040\000d\000e\000\040\000m\000u\000e\000s\000t\000r\000e\000o}{section.6}% 17
\BOOKMARK [2][-]{subsection.6.2}{\376\377\000E\000x\000p\000e\000c\000t\000a\000t\000i\000v\000a\000\040\000t\000e\000\363\000r\000i\000c\000a}{section.6}% 18
\BOOKMARK [1][-]{section.7}{\376\377\000M\000u\000e\000s\000t\000r\000e\000o\000\040\000s\000u\000b\000-\000N\000y\000q\000u\000i\000s\000t}{}% 19
\BOOKMARK [2][-]{subsection.7.1}{\376\377\000I\000n\000t\000r\000o\000d\000u\000c\000c\000i\000\363\000n\000\040\000t\000e\000\363\000r\000i\000c\000a}{section.7}% 20
\BOOKMARK [2][-]{subsection.7.2}{\376\377\000I\000n\000t\000e\000r\000v\000a\000l\000o\000s}{section.7}% 21
\BOOKMARK [2][-]{subsection.7.3}{\376\377\000V\000e\000r\000i\000f\000i\000c\000a\000c\000i\000\363\000n\000\040\000e\000m\000p\000\355\000r\000i\000c\000a}{section.7}% 22
\BOOKMARK [2][-]{subsection.7.4}{\376\377\000C\000o\000m\000p\000o\000r\000t\000a\000m\000i\000e\000n\000t\000o\000\040\000e\000n\000\040\000d\000e\000\040\000l\000a\000\040\000c\000o\000n\000f\000i\000g\000u\000r\000a\000c\000i\000\363\000n\000\040\000d\000e\000\040\000m\000u\000e\000s\000t\000r\000e\000o}{section.7}% 23
\BOOKMARK [1][-]{figure.caption.29}{\376\377\000R\000e\000f\000e\000r\000e\000n\000c\000i\000a\000s}{}% 24
