This is pdfTeX, Version 3.141592653-2.6-1.40.28 (MiKTeX 25.12) (preloaded format=pdflatex 2026.3.21)  13 APR 2026 04:20
entering extended mode
 restricted \write18 enabled.
 file:line:error style messages enabled.
 %&-line parsing enabled.
**c:/Users/herra/Desktop/ASSD/TP1/TP1-ASSD/Informe/main.tex
(c:/Users/herra/Desktop/ASSD/TP1/TP1-ASSD/Informe/main.tex
LaTeX2e <2025-11-01>
L3 programming layer <2025-12-24>
(all-in-one.cls
Document Class: all-in-one 29/03/2024 Version 2.7 by Mario Vilar
(C:\Users\herra\AppData\Local\Programs\MiKTeX\tex/latex/etoolbox\etoolbox.sty
Package: etoolbox 2025/10/02 v2.5m e-TeX tools for LaTeX (JAW)
\etb@tempcnta=\count275
) (C:\Users\herra\AppData\Local\Programs\MiKTeX\tex/latex/base\article.cls
Document Class: article 2025/01/22 v1.4n Standard LaTeX document class
(C:\Users\herra\AppData\Local\Programs\MiKTeX\tex/latex/base\size12.clo
File: size12.clo 2025/01/22 v1.4n Standard LaTeX file (size option)
)
\c@part=\count276
\c@section=\count277
\c@subsection=\count278
\c@subsubsection=\count279
\c@paragraph=\count280
\c@subparagraph=\count281
\c@figure=\count282
\c@table=\count283
\abovecaptionskip=\skip49
\belowcaptionskip=\skip50
\bibindent=\dimen148
) (C:\Users\herra\AppData\Local\Programs\MiKTeX\tex/latex/pgfplots\pgfplots.sty (C:\Users\herra\AppData\Local\Programs\MiKTeX\tex/generic/pgfplots\pgfplots.revision.tex)
Package: pgfplots 2021/05/15 v1.18.1 Data Visualization (1.18.1)
 (C:\Users\herra\AppData\Local\Programs\MiKTeX\tex/latex/graphics\graphicx.sty
Package: graphicx 2024/12/31 v1.2e Enhanced LaTeX Graphics (DPC,SPQR)
 (C:\Users\herra\AppData\Local\Programs\MiKTeX\tex/latex/graphics\keyval.sty
Package: keyval 2022/05/29 v1.15 key=value parser (DPC)
\KV@toks@=\toks17
) (C:\Users\herra\AppData\Local\Programs\MiKTeX\tex/latex/graphics\graphics.sty
Package: graphics 2024/08/06 v1.4g Standard LaTeX Graphics (DPC,SPQR)
 (C:\Users\herra\AppData\Local\Programs\MiKTeX\tex/latex/graphics\trig.sty
Package: trig 2023/12/02 v1.11 sin cos tan (DPC)
) (C:\Users\herra\AppData\Local\Programs\MiKTeX\tex/latex/graphics-cfg\graphics.cfg
File: graphics.cfg 2016/06/04 v1.11 sample graphics configuration
)
Package graphics Info: Driver file: pdftex.def on input line 106.
 (C:\Users\herra\AppData\Local\Programs\MiKTeX\tex/latex/graphics-def\pdftex.def
File: pdftex.def 2025/09/29 v1.2d Graphics/color driver for pdftex
))
\Gin@req@height=\dimen149
\Gin@req@width=\dimen150
) (C:\Users\herra\AppData\Local\Programs\MiKTeX\tex/latex/pgf/frontendlayer\tikz.sty (C:\Users\herra\AppData\Local\Programs\MiKTeX\tex/latex/pgf/basiclayer\pgf.sty (C:\Users\herra\AppData\Local\Programs\MiKTeX\tex/latex/pgf/utilities\pgfrcs.sty (C:\Users\herra\AppData\Local\Programs\MiKTeX\tex/generic/pgf/utilities\pgfutil-common.tex
\pgfutil@everybye=\toks18
\pgfutil@tempdima=\dimen151
\pgfutil@tempdimb=\dimen152
) (C:\Users\herra\AppData\Local\Programs\MiKTeX\tex/generic/pgf/utilities\pgfutil-latex.def
\pgfutil@abb=\box53
) (C:\Users\herra\AppData\Local\Programs\MiKTeX\tex/generic/pgf/utilities\pgfrcs.code.tex (C:\Users\herra\AppData\Local\Programs\MiKTeX\tex/generic/pgf\pgf.revision.tex)
Package: pgfrcs 2025-08-29 v3.1.11a (3.1.11a)
))
Package: pgf 2025-08-29 v3.1.11a (3.1.11a)
 (C:\Users\herra\AppData\Local\Programs\MiKTeX\tex/latex/pgf/basiclayer\pgfcore.sty (C:\Users\herra\AppData\Local\Programs\MiKTeX\tex/latex/pgf/systemlayer\pgfsys.sty (C:\Users\herra\AppData\Local\Programs\MiKTeX\tex/generic/pgf/systemlayer\pgfsys.code.tex
Package: pgfsys 2025-08-29 v3.1.11a (3.1.11a)
 (C:\Users\herra\AppData\Local\Programs\MiKTeX\tex/generic/pgf/utilities\pgfkeys.code.tex
\pgfkeys@pathtoks=\toks19
\pgfkeys@temptoks=\toks20
 (C:\Users\herra\AppData\Local\Programs\MiKTeX\tex/generic/pgf/utilities\pgfkeyslibraryfiltered.code.tex
\pgfkeys@tmptoks=\toks21
))
\pgf@x=\dimen153
\pgf@y=\dimen154
\pgf@xa=\dimen155
\pgf@ya=\dimen156
\pgf@xb=\dimen157
\pgf@yb=\dimen158
\pgf@xc=\dimen159
\pgf@yc=\dimen160
\pgf@xd=\dimen161
\pgf@yd=\dimen162
\w@pgf@writea=\write3
\r@pgf@reada=\read2
\c@pgf@counta=\count284
\c@pgf@countb=\count285
\c@pgf@countc=\count286
\c@pgf@countd=\count287
\t@pgf@toka=\toks22
\t@pgf@tokb=\toks23
\t@pgf@tokc=\toks24
\pgf@sys@id@count=\count288
 (C:\Users\herra\AppData\Local\Programs\MiKTeX\tex/generic/pgf/systemlayer\pgf.cfg
File: pgf.cfg 2025-08-29 v3.1.11a (3.1.11a)
)
Driver file for pgf: pgfsys-pdftex.def
 (C:\Users\herra\AppData\Local\Programs\MiKTeX\tex/generic/pgf/systemlayer\pgfsys-pdftex.def
File: pgfsys-pdftex.def 2025-08-29 v3.1.11a (3.1.11a)
 (C:\Users\herra\AppData\Local\Programs\MiKTeX\tex/generic/pgf/systemlayer\pgfsys-common-pdf.def
File: pgfsys-common-pdf.def 2025-08-29 v3.1.11a (3.1.11a)
))) (C:\Users\herra\AppData\Local\Programs\MiKTeX\tex/generic/pgf/systemlayer\pgfsyssoftpath.code.tex
File: pgfsyssoftpath.code.tex 2025-08-29 v3.1.11a (3.1.11a)
\pgfsyssoftpath@smallbuffer@items=\count289
\pgfsyssoftpath@bigbuffer@items=\count290
) (C:\Users\herra\AppData\Local\Programs\MiKTeX\tex/generic/pgf/systemlayer\pgfsysprotocol.code.tex
File: pgfsysprotocol.code.tex 2025-08-29 v3.1.11a (3.1.11a)
)) (C:\Users\herra\AppData\Local\Programs\MiKTeX\tex/latex/xcolor\xcolor.sty
Package: xcolor 2024/09/29 v3.02 LaTeX color extensions (UK)
 (C:\Users\herra\AppData\Local\Programs\MiKTeX\tex/latex/graphics-cfg\color.cfg
File: color.cfg 2016/01/02 v1.6 sample color configuration
)
Package xcolor Info: Driver file: pdftex.def on input line 274.
 (C:\Users\herra\AppData\Local\Programs\MiKTeX\tex/latex/graphics\mathcolor.ltx)
Package xcolor Info: Model `cmy' substituted by `cmy0' on input line 1349.
Package xcolor Info: Model `hsb' substituted by `rgb' on input line 1353.
Package xcolor Info: Model `RGB' extended on input line 1365.
Package xcolor Info: Model `HTML' substituted by `rgb' on input line 1367.
Package xcolor Info: Model `Hsb' substituted by `hsb' on input line 1368.
Package xcolor Info: Model `tHsb' substituted by `hsb' on input line 1369.
Package xcolor Info: Model `HSB' substituted by `hsb' on input line 1370.
Package xcolor Info: Model `Gray' substituted by `gray' on input line 1371.
Package xcolor Info: Model `wave' substituted by `hsb' on input line 1372.
) (C:\Users\herra\AppData\Local\Programs\MiKTeX\tex/generic/pgf/basiclayer\pgfcore.code.tex
Package: pgfcore 2025-08-29 v3.1.11a (3.1.11a)
 (C:\Users\herra\AppData\Local\Programs\MiKTeX\tex/generic/pgf/math\pgfmath.code.tex (C:\Users\herra\AppData\Local\Programs\MiKTeX\tex/generic/pgf/math\pgfmathutil.code.tex) (C:\Users\herra\AppData\Local\Programs\MiKTeX\tex/generic/pgf/math\pgfmathparser.code.tex
\pgfmath@dimen=\dimen163
\pgfmath@count=\count291
\pgfmath@box=\box54
\pgfmath@toks=\toks25
\pgfmath@stack@operand=\toks26
\pgfmath@stack@operation=\toks27
) (C:\Users\herra\AppData\Local\Programs\MiKTeX\tex/generic/pgf/math\pgfmathfunctions.code.tex) (C:\Users\herra\AppData\Local\Programs\MiKTeX\tex/generic/pgf/math\pgfmathfunctions.basic.code.tex) (C:\Users\herra\AppData\Local\Programs\MiKTeX\tex/generic/pgf/math\pgfmathfunctions.trigonometric.code.tex) (C:\Users\herra\AppData\Local\Programs\MiKTeX\tex/generic/pgf/math\pgfmathfunctions.random.code.tex) (C:\Users\herra\AppData\Local\Programs\MiKTeX\tex/generic/pgf/math\pgfmathfunctions.comparison.code.tex) (C:\Users\herra\AppData\Local\Programs\MiKTeX\tex/generic/pgf/math\pgfmathfunctions.base.code.tex) (C:\Users\herra\AppData\Local\Programs\MiKTeX\tex/generic/pgf/math\pgfmathfunctions.round.code.tex) (C:\Users\herra\AppData\Local\Programs\MiKTeX\tex/generic/pgf/math\pgfmathfunctions.misc.code.tex) (C:\Users\herra\AppData\Local\Programs\MiKTeX\tex/generic/pgf/math\pgfmathfunctions.integerarithmetics.code.tex) (C:\Users\herra\AppData\Local\Programs\MiKTeX\tex/generic/pgf/math\pgfmathcalc.code.tex) (C:\Users\herra\AppData\Local\Programs\MiKTeX\tex/generic/pgf/math\pgfmathfloat.code.tex
\c@pgfmathroundto@lastzeros=\count292
)) (C:\Users\herra\AppData\Local\Programs\MiKTeX\tex/generic/pgf/math\pgfint.code.tex) (C:\Users\herra\AppData\Local\Programs\MiKTeX\tex/generic/pgf/basiclayer\pgfcorepoints.code.tex
File: pgfcorepoints.code.tex 2025-08-29 v3.1.11a (3.1.11a)
\pgf@picminx=\dimen164
\pgf@picmaxx=\dimen165
\pgf@picminy=\dimen166
\pgf@picmaxy=\dimen167
\pgf@pathminx=\dimen168
\pgf@pathmaxx=\dimen169
\pgf@pathminy=\dimen170
\pgf@pathmaxy=\dimen171
\pgf@xx=\dimen172
\pgf@xy=\dimen173
\pgf@yx=\dimen174
\pgf@yy=\dimen175
\pgf@zx=\dimen176
\pgf@zy=\dimen177
) (C:\Users\herra\AppData\Local\Programs\MiKTeX\tex/generic/pgf/basiclayer\pgfcorepathconstruct.code.tex
File: pgfcorepathconstruct.code.tex 2025-08-29 v3.1.11a (3.1.11a)
\pgf@path@lastx=\dimen178
\pgf@path@lasty=\dimen179
) (C:\Users\herra\AppData\Local\Programs\MiKTeX\tex/generic/pgf/basiclayer\pgfcorepathusage.code.tex
File: pgfcorepathusage.code.tex 2025-08-29 v3.1.11a (3.1.11a)
\pgf@shorten@end@additional=\dimen180
\pgf@shorten@start@additional=\dimen181
) (C:\Users\herra\AppData\Local\Programs\MiKTeX\tex/generic/pgf/basiclayer\pgfcorescopes.code.tex
File: pgfcorescopes.code.tex 2025-08-29 v3.1.11a (3.1.11a)
\pgfpic=\box55
\pgf@hbox=\box56
\pgf@layerbox@main=\box57
\pgf@picture@serial@count=\count293
) (C:\Users\herra\AppData\Local\Programs\MiKTeX\tex/generic/pgf/basiclayer\pgfcoregraphicstate.code.tex
File: pgfcoregraphicstate.code.tex 2025-08-29 v3.1.11a (3.1.11a)
\pgflinewidth=\dimen182
) (C:\Users\herra\AppData\Local\Programs\MiKTeX\tex/generic/pgf/basiclayer\pgfcoretransformations.code.tex
File: pgfcoretransformations.code.tex 2025-08-29 v3.1.11a (3.1.11a)
\pgf@pt@x=\dimen183
\pgf@pt@y=\dimen184
\pgf@pt@temp=\dimen185
) (C:\Users\herra\AppData\Local\Programs\MiKTeX\tex/generic/pgf/basiclayer\pgfcorequick.code.tex
File: pgfcorequick.code.tex 2025-08-29 v3.1.11a (3.1.11a)
) (C:\Users\herra\AppData\Local\Programs\MiKTeX\tex/generic/pgf/basiclayer\pgfcoreobjects.code.tex
File: pgfcoreobjects.code.tex 2025-08-29 v3.1.11a (3.1.11a)
) (C:\Users\herra\AppData\Local\Programs\MiKTeX\tex/generic/pgf/basiclayer\pgfcorepathprocessing.code.tex
File: pgfcorepathprocessing.code.tex 2025-08-29 v3.1.11a (3.1.11a)
) (C:\Users\herra\AppData\Local\Programs\MiKTeX\tex/generic/pgf/basiclayer\pgfcorearrows.code.tex
File: pgfcorearrows.code.tex 2025-08-29 v3.1.11a (3.1.11a)
\pgfarrowsep=\dimen186
) (C:\Users\herra\AppData\Local\Programs\MiKTeX\tex/generic/pgf/basiclayer\pgfcoreshade.code.tex
File: pgfcoreshade.code.tex 2025-08-29 v3.1.11a (3.1.11a)
\pgf@max=\dimen187
\pgf@sys@shading@range@num=\count294
\pgf@shadingcount=\count295
) (C:\Users\herra\AppData\Local\Programs\MiKTeX\tex/generic/pgf/basiclayer\pgfcoreimage.code.tex
File: pgfcoreimage.code.tex 2025-08-29 v3.1.11a (3.1.11a)
) (C:\Users\herra\AppData\Local\Programs\MiKTeX\tex/generic/pgf/basiclayer\pgfcoreexternal.code.tex
File: pgfcoreexternal.code.tex 2025-08-29 v3.1.11a (3.1.11a)
\pgfexternal@startupbox=\box58
) (C:\Users\herra\AppData\Local\Programs\MiKTeX\tex/generic/pgf/basiclayer\pgfcorelayers.code.tex
File: pgfcorelayers.code.tex 2025-08-29 v3.1.11a (3.1.11a)
) (C:\Users\herra\AppData\Local\Programs\MiKTeX\tex/generic/pgf/basiclayer\pgfcoretransparency.code.tex
File: pgfcoretransparency.code.tex 2025-08-29 v3.1.11a (3.1.11a)
) (C:\Users\herra\AppData\Local\Programs\MiKTeX\tex/generic/pgf/basiclayer\pgfcorepatterns.code.tex
File: pgfcorepatterns.code.tex 2025-08-29 v3.1.11a (3.1.11a)
) (C:\Users\herra\AppData\Local\Programs\MiKTeX\tex/generic/pgf/basiclayer\pgfcorerdf.code.tex
File: pgfcorerdf.code.tex 2025-08-29 v3.1.11a (3.1.11a)
))) (C:\Users\herra\AppData\Local\Programs\MiKTeX\tex/generic/pgf/modules\pgfmoduleshapes.code.tex
File: pgfmoduleshapes.code.tex 2025-08-29 v3.1.11a (3.1.11a)
\pgfnodeparttextbox=\box59
) (C:\Users\herra\AppData\Local\Programs\MiKTeX\tex/generic/pgf/modules\pgfmoduleplot.code.tex
File: pgfmoduleplot.code.tex 2025-08-29 v3.1.11a (3.1.11a)
) (C:\Users\herra\AppData\Local\Programs\MiKTeX\tex/latex/pgf/compatibility\pgfcomp-version-0-65.sty
Package: pgfcomp-version-0-65 2025-08-29 v3.1.11a (3.1.11a)
\pgf@nodesepstart=\dimen188
\pgf@nodesepend=\dimen189
) (C:\Users\herra\AppData\Local\Programs\MiKTeX\tex/latex/pgf/compatibility\pgfcomp-version-1-18.sty
Package: pgfcomp-version-1-18 2025-08-29 v3.1.11a (3.1.11a)
)) (C:\Users\herra\AppData\Local\Programs\MiKTeX\tex/latex/pgf/utilities\pgffor.sty (C:\Users\herra\AppData\Local\Programs\MiKTeX\tex/latex/pgf/utilities\pgfkeys.sty (C:\Users\herra\AppData\Local\Programs\MiKTeX\tex/generic/pgf/utilities\pgfkeys.code.tex)) (C:\Users\herra\AppData\Local\Programs\MiKTeX\tex/latex/pgf/math\pgfmath.sty (C:\Users\herra\AppData\Local\Programs\MiKTeX\tex/generic/pgf/math\pgfmath.code.tex)) (C:\Users\herra\AppData\Local\Programs\MiKTeX\tex/generic/pgf/utilities\pgffor.code.tex
Package: pgffor 2025-08-29 v3.1.11a (3.1.11a)
\pgffor@iter=\dimen190
\pgffor@skip=\dimen191
\pgffor@stack=\toks28
\pgffor@toks=\toks29
)) (C:\Users\herra\AppData\Local\Programs\MiKTeX\tex/generic/pgf/frontendlayer/tikz\tikz.code.tex
Package: tikz 2025-08-29 v3.1.11a (3.1.11a)
 (C:\Users\herra\AppData\Local\Programs\MiKTeX\tex/generic/pgf/libraries\pgflibraryplothandlers.code.tex
File: pgflibraryplothandlers.code.tex 2025-08-29 v3.1.11a (3.1.11a)
\pgf@plot@mark@count=\count296
\pgfplotmarksize=\dimen192
)
\tikz@lastx=\dimen193
\tikz@lasty=\dimen194
\tikz@lastxsaved=\dimen195
\tikz@lastysaved=\dimen196
\tikz@lastmovetox=\dimen197
\tikz@lastmovetoy=\dimen198
\tikzleveldistance=\dimen199
\tikzsiblingdistance=\dimen256
\tikz@figbox=\box60
\tikz@figbox@bg=\box61
\tikz@tempbox=\box62
\tikz@tempbox@bg=\box63
\tikztreelevel=\count297
\tikznumberofchildren=\count298
\tikznumberofcurrentchild=\count299
\tikz@fig@count=\count300
 (C:\Users\herra\AppData\Local\Programs\MiKTeX\tex/generic/pgf/modules\pgfmodulematrix.code.tex
File: pgfmodulematrix.code.tex 2025-08-29 v3.1.11a (3.1.11a)
\pgfmatrixcurrentrow=\count301
\pgfmatrixcurrentcolumn=\count302
\pgf@matrix@numberofcolumns=\count303
)
\tikz@expandcount=\count304
 (C:\Users\herra\AppData\Local\Programs\MiKTeX\tex/generic/pgf/frontendlayer/tikz/libraries\tikzlibrarytopaths.code.tex
File: tikzlibrarytopaths.code.tex 2025-08-29 v3.1.11a (3.1.11a)
))) (C:\Users\herra\AppData\Local\Programs\MiKTeX\tex/generic/pgfplots\pgfplots.code.tex (C:\Users\herra\AppData\Local\Programs\MiKTeX\tex/generic/pgfplots\pgfplotscore.code.tex
\t@pgfplots@toka=\toks30
\t@pgfplots@tokb=\toks31
\t@pgfplots@tokc=\toks32
\pgfplots@tmpa=\dimen257
\c@pgfplots@coordindex=\count305
\c@pgfplots@scanlineindex=\count306
 (C:\Users\herra\AppData\Local\Programs\MiKTeX\tex/generic/pgfplots/sys\pgfplotssysgeneric.code.tex)) (C:\Users\herra\AppData\Local\Programs\MiKTeX\tex/generic/pgfplots/libs\pgfplotslibrary.code.tex) (C:\Users\herra\AppData\Local\Programs\MiKTeX\tex/generic/pgfplots/oldpgfcompatib\pgfplotsoldpgfsupp_loader.code.tex (C:\Users\herra\AppData\Local\Programs\MiKTeX\tex/generic/pgf/libraries\pgflibraryfpu.code.tex)
Package pgfplots: loading complementary utilities for your pgf version...
\t@pgf@toka=\toks33
\t@pgf@tokb=\toks34
\t@pgf@tokc=\toks35
(C:\Users\herra\AppData\Local\Programs\MiKTeX\tex/generic/pgfplots/oldpgfcompatib\pgfplotsoldpgfsupp_pgfutil-common-lists.tex)) (C:\Users\herra\AppData\Local\Programs\MiKTeX\tex/generic/pgfplots/util\pgfplotsutil.code.tex (C:\Users\herra\AppData\Local\Programs\MiKTeX\tex/generic/pgfplots/liststructure\pgfplotsliststructure.code.tex) (C:\Users\herra\AppData\Local\Programs\MiKTeX\tex/generic/pgfplots/liststructure\pgfplotsliststructureext.code.tex) (C:\Users\herra\AppData\Local\Programs\MiKTeX\tex/generic/pgfplots/liststructure\pgfplotsarray.code.tex
\c@pgfplotsarray@tmp=\count307
) (C:\Users\herra\AppData\Local\Programs\MiKTeX\tex/generic/pgfplots/liststructure\pgfplotsmatrix.code.tex) (C:\Users\herra\AppData\Local\Programs\MiKTeX\tex/generic/pgfplots/numtable\pgfplotstableshared.code.tex
\c@pgfplotstable@counta=\count308
\t@pgfplotstable@a=\toks36
) (C:\Users\herra\AppData\Local\Programs\MiKTeX\tex/generic/pgfplots/liststructure\pgfplotsdeque.code.tex) (C:\Users\herra\AppData\Local\Programs\MiKTeX\tex/generic/pgfplots/util\pgfplotsbinary.code.tex (C:\Users\herra\AppData\Local\Programs\MiKTeX\tex/generic/pgfplots/util\pgfplotsbinary.data.code.tex)) (C:\Users\herra\AppData\Local\Programs\MiKTeX\tex/generic/pgfplots/util\pgfplotsutil.verb.code.tex) (C:\Users\herra\AppData\Local\Programs\MiKTeX\tex/generic/pgfplots/libs\pgflibrarypgfplots.surfshading.code.tex
\c@pgfplotslibrarysurf@no=\count309
 (C:\Users\herra\AppData\Local\Programs\MiKTeX\tex/generic/pgfplots/sys\pgflibrarypgfplots.surfshading.pgfsys-pdftex.def))) (C:\Users\herra\AppData\Local\Programs\MiKTeX\tex/generic/pgfplots/util\pgfplotscolormap.code.tex (C:\Users\herra\AppData\Local\Programs\MiKTeX\tex/generic/pgfplots/util\pgfplotscolor.code.tex)) (C:\Users\herra\AppData\Local\Programs\MiKTeX\tex/generic/pgfplots\pgfplotsstackedplots.code.tex) (C:\Users\herra\AppData\Local\Programs\MiKTeX\tex/generic/pgfplots\pgfplotsplothandlers.code.tex (C:\Users\herra\AppData\Local\Programs\MiKTeX\tex/generic/pgfplots\pgfplotsmeshplothandler.code.tex (C:\Users\herra\AppData\Local\Programs\MiKTeX\tex/generic/pgfplots\pgfplotsmeshplotimage.code.tex))) (C:\Users\herra\AppData\Local\Programs\MiKTeX\tex/generic/pgfplots\pgfplots.scaling.code.tex) (C:\Users\herra\AppData\Local\Programs\MiKTeX\tex/generic/pgfplots\pgfplotscoordprocessing.code.tex) (C:\Users\herra\AppData\Local\Programs\MiKTeX\tex/generic/pgfplots\pgfplots.errorbars.code.tex) (C:\Users\herra\AppData\Local\Programs\MiKTeX\tex/generic/pgfplots\pgfplots.markers.code.tex) (C:\Users\herra\AppData\Local\Programs\MiKTeX\tex/generic/pgfplots\pgfplotsticks.code.tex) (C:\Users\herra\AppData\Local\Programs\MiKTeX\tex/generic/pgfplots\pgfplots.paths.code.tex) (C:\Users\herra\AppData\Local\Programs\MiKTeX\tex/generic/pgf/frontendlayer/tikz/libraries\tikzlibrarydecorations.code.tex (C:\Users\herra\AppData\Local\Programs\MiKTeX\tex/generic/pgf/modules\pgfmoduledecorations.code.tex
\pgfdecoratedcompleteddistance=\dimen258
\pgfdecoratedremainingdistance=\dimen259
\pgfdecoratedinputsegmentcompleteddistance=\dimen260
\pgfdecoratedinputsegmentremainingdistance=\dimen261
\pgf@decorate@distancetomove=\dimen262
\pgf@decorate@repeatstate=\count310
\pgfdecorationsegmentamplitude=\dimen263
\pgfdecorationsegmentlength=\dimen264
)
\tikz@lib@dec@box=\box64
) (C:\Users\herra\AppData\Local\Programs\MiKTeX\tex/generic/pgf/frontendlayer/tikz/libraries\tikzlibrarydecorations.pathmorphing.code.tex (C:\Users\herra\AppData\Local\Programs\MiKTeX\tex/generic/pgf/libraries/decorations\pgflibrarydecorations.pathmorphing.code.tex)) (C:\Users\herra\AppData\Local\Programs\MiKTeX\tex/generic/pgf/frontendlayer/tikz/libraries\tikzlibrarydecorations.pathreplacing.code.tex (C:\Users\herra\AppData\Local\Programs\MiKTeX\tex/generic/pgf/libraries/decorations\pgflibrarydecorations.pathreplacing.code.tex)) (C:\Users\herra\AppData\Local\Programs\MiKTeX\tex/generic/pgfplots/libs\tikzlibrarypgfplots.contourlua.code.tex)
\pgfplots@numplots=\count311
\pgfplots@xmin@reg=\dimen265
\pgfplots@xmax@reg=\dimen266
\pgfplots@ymin@reg=\dimen267
\pgfplots@ymax@reg=\dimen268
\pgfplots@zmin@reg=\dimen269
\pgfplots@zmax@reg=\dimen270
) (C:\Users\herra\AppData\Local\Programs\MiKTeX\tex/generic/pgf/frontendlayer/tikz/libraries\tikzlibraryplotmarks.code.tex
File: tikzlibraryplotmarks.code.tex 2025-08-29 v3.1.11a (3.1.11a)
 (C:\Users\herra\AppData\Local\Programs\MiKTeX\tex/generic/pgf/libraries\pgflibraryplotmarks.code.tex
File: pgflibraryplotmarks.code.tex 2025-08-29 v3.1.11a (3.1.11a)
))) (C:\Users\herra\AppData\Local\Programs\MiKTeX\tex/latex/base\ifthen.sty
Package: ifthen 2024/03/16 v1.1e Standard LaTeX ifthen package (DPC)
) (C:\Users\herra\AppData\Local\Programs\MiKTeX\tex/latex/base\inputenc.sty
Package: inputenc 2024/02/08 v1.3d Input encoding file
\inpenc@prehook=\toks37
\inpenc@posthook=\toks38
) (C:\Users\herra\AppData\Local\Programs\MiKTeX\tex/generic/babel\babel.sty
Package: babel 2025/12/11 v25.17 The multilingual framework for LuaLaTeX, pdfLaTeX and XeLaTeX
\babel@savecnt=\count312
LaTeX Encoding Info:    Redeclaring text command \ij (encoding OT1) on input line 2068.
LaTeX Encoding Info:    Redeclaring text command \IJ (encoding OT1) on input line 2070.
LaTeX Encoding Info:    Redeclaring text command \ij (encoding T1) on input line 2072.
LaTeX Encoding Info:    Redeclaring text command \IJ (encoding T1) on input line 2073.
LaTeX Encoding Info:    Ignoring declaration for text command \ij (encoding ?) on input line 2074.
LaTeX Encoding Info:    Ignoring declaration for text command \IJ (encoding ?) on input line 2076.
LaTeX Encoding Info:    Ignoring declaration for text command \SS (encoding ?) on input line 2101.
\U@D=\dimen271
\l@unhyphenated=\language79
 (C:\Users\herra\AppData\Local\Programs\MiKTeX\tex/generic/babel\txtbabel.def)
\bbl@readstream=\read3
\bbl@dirlevel=\count313
Package babel Info: Configuration files are deprecated, as
(babel)             they can break document portability.
(babel)             Reported on input line 4196.

*************************************
* Local config file bblopts.cfg used
*
(C:\Users\herra\AppData\Local\Programs\MiKTeX\tex/latex/arabi\bblopts.cfg
File: bblopts.cfg 2005/09/08 v0.1 add Arabic and Farsi to "declared" options of babel
) (C:\Users\herra\AppData\Local\Programs\MiKTeX\tex/generic/babel/locale/es\babel-spanish.tex)
Package babel Info: Importing font and identification data for spanish
(babel)             from babel-es.ini. Reported on input line 4320.
 (C:\Users\herra\AppData\Local\Programs\MiKTeX\tex/latex/babel-spanish\spanish.ldf
Language: spanish.ldf 2021/05/27 v5.0q Spanish support from the babel system
\es@quottoks=\toks39
\es@quotdepth=\count314
Package babel Info: Making " an active character on input line 570.
Package babel Info: Making . an active character on input line 675.
Package babel Info: Making < an active character on input line 722.
Package babel Info: Making > an active character on input line 722.
))
LaTeX Encoding Info:    Redeclaring text command \guillemotleft (encoding OT1) on input line 23.
LaTeX Encoding Info:    Redeclaring text command \guillemotright (encoding OT1) on input line 23.
 (C:\Users\herra\AppData\Local\Programs\MiKTeX\tex/latex/base\fontenc.sty
Package: fontenc 2025/07/18 v2.1d Standard LaTeX package
) (C:\Users\herra\AppData\Local\Programs\MiKTeX\tex/latex/geometry\geometry.sty
Package: geometry 2026/03/07 v6.0 Page Geometry
 (C:\Users\herra\AppData\Local\Programs\MiKTeX\tex/generic/iftex\ifvtex.sty
Package: ifvtex 2019/10/25 v1.7 ifvtex legacy package. Use iftex instead.
 (C:\Users\herra\AppData\Local\Programs\MiKTeX\tex/generic/iftex\iftex.sty
Package: iftex 2024/12/12 v1.0g TeX engine tests
))
\Gm@cnth=\count315
\Gm@cntv=\count316
\c@Gm@tempcnt=\count317
\Gm@bindingoffset=\dimen272
\Gm@wd@mp=\dimen273
\Gm@odd@mp=\dimen274
\Gm@even@mp=\dimen275
\Gm@layoutwidth=\dimen276
\Gm@layoutheight=\dimen277
\Gm@layouthoffset=\dimen278
\Gm@layoutvoffset=\dimen279
\Gm@dimlist=\toks40
 (C:\Users\herra\AppData\Local\Programs\MiKTeX\tex/latex/geometry\geometry.cfg)) (C:\Users\herra\AppData\Local\Programs\MiKTeX\tex/latex/tools\calc.sty
Package: calc 2025/03/01 v4.3b Infix arithmetic (KKT,FJ)
\calc@Acount=\count318
\calc@Bcount=\count319
\calc@Adimen=\dimen280
\calc@Bdimen=\dimen281
\calc@Askip=\skip51
\calc@Bskip=\skip52
LaTeX Info: Redefining \setlength on input line 86.
LaTeX Info: Redefining \addtolength on input line 87.
\calc@Ccount=\count320
\calc@Cskip=\skip53
) (C:\Users\herra\AppData\Local\Programs\MiKTeX\tex/latex/amsmath\amsmath.sty
Package: amsmath 2025/07/09 v2.17z AMS math features
\@mathmargin=\skip54

For additional information on amsmath, use the `?' option.
(C:\Users\herra\AppData\Local\Programs\MiKTeX\tex/latex/amsmath\amstext.sty
Package: amstext 2024/11/17 v2.01 AMS text
 (C:\Users\herra\AppData\Local\Programs\MiKTeX\tex/latex/amsmath\amsgen.sty
File: amsgen.sty 1999/11/30 v2.0 generic functions
\@emptytoks=\toks41
\ex@=\dimen282
)) (C:\Users\herra\AppData\Local\Programs\MiKTeX\tex/latex/amsmath\amsbsy.sty
Package: amsbsy 1999/11/29 v1.2d Bold Symbols
\pmbraise@=\dimen283
) (C:\Users\herra\AppData\Local\Programs\MiKTeX\tex/latex/amsmath\amsopn.sty
Package: amsopn 2022/04/08 v2.04 operator names
)
\inf@bad=\count321
LaTeX Info: Redefining \frac on input line 233.
\uproot@=\count322
\leftroot@=\count323
LaTeX Info: Redefining \overline on input line 398.
LaTeX Info: Redefining \colon on input line 409.
\classnum@=\count324
\DOTSCASE@=\count325
LaTeX Info: Redefining \ldots on input line 495.
LaTeX Info: Redefining \dots on input line 498.
LaTeX Info: Redefining \cdots on input line 619.
\Mathstrutbox@=\box65
\strutbox@=\box66
LaTeX Info: Redefining \big on input line 721.
LaTeX Info: Redefining \Big on input line 722.
LaTeX Info: Redefining \bigg on input line 723.
LaTeX Info: Redefining \Bigg on input line 724.
\big@size=\dimen284
LaTeX Font Info:    Redeclaring font encoding OML on input line 742.
LaTeX Font Info:    Redeclaring font encoding OMS on input line 743.
\macc@depth=\count326
LaTeX Info: Redefining \bmod on input line 904.
LaTeX Info: Redefining \pmod on input line 909.
LaTeX Info: Redefining \smash on input line 939.
LaTeX Info: Redefining \relbar on input line 969.
LaTeX Info: Redefining \Relbar on input line 970.
\c@MaxMatrixCols=\count327
\dotsspace@=\muskip17
\c@parentequation=\count328
\dspbrk@lvl=\count329
\tag@help=\toks42
\row@=\count330
\column@=\count331
\maxfields@=\count332
\andhelp@=\toks43
\eqnshift@=\dimen285
\alignsep@=\dimen286
\tagshift@=\dimen287
\tagwidth@=\dimen288
\totwidth@=\dimen289
\lineht@=\dimen290
\@envbody=\toks44
\multlinegap=\skip55
\multlinetaggap=\skip56
\mathdisplay@stack=\toks45
LaTeX Info: Redefining \[ on input line 2950.
LaTeX Info: Redefining \] on input line 2951.
) (C:\Users\herra\AppData\Local\Programs\MiKTeX\tex/latex/mathtools\mathtools.sty
Package: mathtools 2024/10/04 v1.31 mathematical typesetting tools
 (C:\Users\herra\AppData\Local\Programs\MiKTeX\tex/latex/mathtools\mhsetup.sty
Package: mhsetup 2021/03/18 v1.4 programming setup (MH)
)
\g_MT_multlinerow_int=\count333
\l_MT_multwidth_dim=\dimen291
\origjot=\skip57
\l_MT_shortvdotswithinadjustabove_dim=\dimen292
\l_MT_shortvdotswithinadjustbelow_dim=\dimen293
\l_MT_above_intertext_sep=\dimen294
\l_MT_below_intertext_sep=\dimen295
\l_MT_above_shortintertext_sep=\dimen296
\l_MT_below_shortintertext_sep=\dimen297
\xmathstrut@box=\box67
\xmathstrut@dim=\dimen298
) (C:\Users\herra\AppData\Local\Programs\MiKTeX\tex/latex/amsfonts\amssymb.sty
Package: amssymb 2013/01/14 v3.01 AMS font symbols
 (C:\Users\herra\AppData\Local\Programs\MiKTeX\tex/latex/amsfonts\amsfonts.sty
Package: amsfonts 2013/01/14 v3.01 Basic AMSFonts support
\symAMSa=\mathgroup4
\symAMSb=\mathgroup5
LaTeX Font Info:    Redeclaring math symbol \hbar on input line 98.
LaTeX Font Info:    Overwriting math alphabet `\mathfrak' in version `bold'
(Font)                  U/euf/m/n --> U/euf/b/n on input line 106.
)) (C:\Users\herra\AppData\Local\Programs\MiKTeX\tex/latex/amscls\amsthm.sty
Package: amsthm 2020/05/29 v2.20.6
\thm@style=\toks46
\thm@bodyfont=\toks47
\thm@headfont=\toks48
\thm@notefont=\toks49
\thm@headpunct=\toks50
\thm@preskip=\skip58
\thm@postskip=\skip59
\thm@headsep=\skip60
\dth@everypar=\toks51
) (C:\Users\herra\AppData\Local\Programs\MiKTeX\tex/latex/thmtools\thmtools.sty
Package: thmtools 2023/05/04 v0.76
\thmt@toks=\toks52
\c@thmt@dummyctr=\count334
 (C:\Users\herra\AppData\Local\Programs\MiKTeX\tex/latex/thmtools\thm-patch.sty
Package: thm-patch 2023/05/04 v0.76
 (C:\Users\herra\AppData\Local\Programs\MiKTeX\tex/latex/thmtools\parseargs.sty
Package: parseargs 2023/05/04 v0.76
\@parsespec=\toks53
)) (C:\Users\herra\AppData\Local\Programs\MiKTeX\tex/latex/thmtools\thm-kv.sty
Package: thm-kv 2023/05/04 v0.76
Package thm-kv Info: Theorem names will be uppercased on input line 42.
 (C:\Users\herra\AppData\Local\Programs\MiKTeX\tex/latex/kvsetkeys\kvsetkeys.sty
Package: kvsetkeys 2022-10-05 v1.19 Key value parser (HO)
)
Package thm-kv Info: kvsetkeys patch (v1.16 or later) on input line 158.
) (C:\Users\herra\AppData\Local\Programs\MiKTeX\tex/latex/thmtools\thm-autoref.sty
Package: thm-autoref 2023/05/04 v0.76
 (C:\Users\herra\AppData\Local\Programs\MiKTeX\tex/latex/thmtools\aliasctr.sty
Package: aliasctr 2023/05/04 v0.76
)) (C:\Users\herra\AppData\Local\Programs\MiKTeX\tex/latex/thmtools\thm-listof.sty
Package: thm-listof 2023/05/04 v0.76
) (C:\Users\herra\AppData\Local\Programs\MiKTeX\tex/latex/thmtools\thm-restate.sty
Package: thm-restate 2023/05/04 v0.76
) (C:\Users\herra\AppData\Local\Programs\MiKTeX\tex/latex/thmtools\thm-amsthm.sty
Package: thm-amsthm 2023/05/04 v0.76
\thmt@style@headstyle=\toks54
)) (C:\Users\herra\AppData\Local\Programs\MiKTeX\tex/latex/xcolor\svgnam.def
File: svgnam.def 2024/09/29 v3.02 Predefined colors according to SVG 1.1 (UK)
) (C:\Users\herra\AppData\Local\Programs\MiKTeX\tex/latex/setspace\setspace.sty
Package: setspace 2022/12/04 v6.7b set line spacing
) (C:\Users\herra\AppData\Local\Programs\MiKTeX\tex/latex/enumitem\enumitem.sty
Package: enumitem 2025/02/06 v3.11 Customized lists
\labelindent=\skip61
\enit@outerparindent=\dimen299
\enit@toks=\toks55
\enit@inbox=\box68
\enit@count@id=\count335
\enitdp@description=\count336
) (C:\Users\herra\AppData\Local\Programs\MiKTeX\tex/latex/float\float.sty
Package: float 2001/11/08 v1.3d Float enhancements (AL)
\c@float@type=\count337
\float@exts=\toks56
\float@box=\box69
\@float@everytoks=\toks57
\@floatcapt=\box70
) (C:\Users\herra\AppData\Local\Programs\MiKTeX\tex/latex/titling\titling.sty
Package: titling 2009/09/04 v2.1d maketitle typesetting
\thanksmarkwidth=\skip62
\thanksmargin=\skip63
\droptitle=\skip64
) (C:\Users\herra\AppData\Local\Programs\MiKTeX\tex/latex/titlesec\titlesec.sty
Package: titlesec 2025/01/04 v2.17 Sectioning titles
\ttl@box=\box71
\beforetitleunit=\skip65
\aftertitleunit=\skip66
\ttl@plus=\dimen300
\ttl@minus=\dimen301
\ttl@toksa=\toks58
\titlewidth=\dimen302
\titlewidthlast=\dimen303
\titlewidthfirst=\dimen304
) (C:\Users\herra\AppData\Local\Programs\MiKTeX\tex/latex/eso-pic\eso-pic.sty
Package: eso-pic 2025/12/10 v3.0d eso-pic (RN)
\ESO@tempdima=\dimen305
\ESO@tempdimb=\dimen306
) (C:\Users\herra\AppData\Local\Programs\MiKTeX\tex/latex/transparent\transparent.sty
Package: transparent 2025-06-23 v1.6 Transparency with color stacks
 (C:\Users\herra\AppData\Local\Programs\MiKTeX\tex/latex/transparent\transparent-nometadata.sty
Package: transparent-nometadata 2025-06-23 v1.6 Transparency via pdfTeX's color stack (HO)
 (C:\Users\herra\AppData\Local\Programs\MiKTeX\tex/latex/auxhook\auxhook.sty
Package: auxhook 2019-12-17 v1.6 Hooks for auxiliary files (HO)
))) (C:\Users\herra\AppData\Local\Programs\MiKTeX\tex/latex/fancyhdr\extramarks.sty
Package: extramarks 2025/02/07 v5.2 Extra marks for LaTeX
\c__mark_class_extramarks-left_mark=\marks4
\c__mark_class_extramarks-right_mark=\marks5
) (C:\Users\herra\AppData\Local\Programs\MiKTeX\tex/latex/fancyhdr\fancyhdr.sty
Package: fancyhdr 2025/02/07 v5.2 Extensive control of page headers and footers
\f@nch@headwidth=\skip67
\f@nch@offset@elh=\skip68
\f@nch@offset@erh=\skip69
\f@nch@offset@olh=\skip70
\f@nch@offset@orh=\skip71
\f@nch@offset@elf=\skip72
\f@nch@offset@erf=\skip73
\f@nch@offset@olf=\skip74
\f@nch@offset@orf=\skip75
\f@nch@height=\skip76
\f@nch@footalignment=\skip77
\f@nch@widthL=\skip78
\f@nch@widthC=\skip79
\f@nch@widthR=\skip80
\@temptokenb=\toks59
) (C:\Users\herra\AppData\Local\Programs\MiKTeX\tex/latex/doclicense\doclicense.sty
Package: doclicense 2023/10/01 v3.3.0 Support for putting documents under a license
 (C:\Users\herra\AppData\Local\Programs\MiKTeX\tex/latex/kvoptions\kvoptions.sty
Package: kvoptions 2022-06-15 v3.15 Key value format for package options (HO)
 (C:\Users\herra\AppData\Local\Programs\MiKTeX\tex/generic/ltxcmds\ltxcmds.sty
Package: ltxcmds 2023-12-04 v1.26 LaTeX kernel commands for general use (HO)
)) (C:\Users\herra\AppData\Local\Programs\MiKTeX\tex/latex/xifthen\xifthen.sty
Package: xifthen 2015/11/05 v1.4.0 Extended ifthen features
 (C:\Users\herra\AppData\Local\Programs\MiKTeX\tex/latex/ifmtarg\ifmtarg.sty
Package: ifmtarg 2018/04/16 v1.2b check for an empty argument
)) (C:\Users\herra\AppData\Local\Programs\MiKTeX\tex/latex/xstring\xstring.sty (C:\Users\herra\AppData\Local\Programs\MiKTeX\tex/generic/xstring\xstring.tex
\xs_counta=\count338
\xs_countb=\count339
)
Package: xstring 2023/08/22 v1.86 String manipulations (CT)
) (C:\Users\herra\AppData\Local\Programs\MiKTeX\tex/latex/tools\xspace.sty
Package: xspace 2014/10/28 v1.13 Space after command names (DPC,MH)
) (C:\Users\herra\AppData\Local\Programs\MiKTeX\tex/latex/tools\verbatim.sty
Package: verbatim 2024-01-22 v1.5x LaTeX2e package for verbatim enhancements
\every@verbatim=\toks60
\verbatim@line=\toks61
\verbatim@in@stream=\read4
)
\doclicense@hsize=\skip81
 (C:\Users\herra\AppData\Local\Programs\MiKTeX\tex/latex/doclicense\doclicense-spanish.ldf
File: doclicense-spanish.ldf 
)) (C:\Users\herra\AppData\Local\Programs\MiKTeX\tex/latex/xpatch\xpatch.sty (C:\Users\herra\AppData\Local\Programs\MiKTeX\tex/latex/l3kernel\expl3.sty
Package: expl3 2025-12-24 L3 programming layer (loader) 
 (C:\Users\herra\AppData\Local\Programs\MiKTeX\tex/latex/l3backend\l3backend-pdftex.def
File: l3backend-pdftex.def 2025-10-09 L3 backend support: PDF output (pdfTeX)
\l__color_backend_stack_int=\count340
))
Package: xpatch 2020/03/25 v0.3a Extending etoolbox patching commands
 (C:\Users\herra\AppData\Local\Programs\MiKTeX\tex/latex/l3packages/xparse\xparse.sty
Package: xparse 2025-10-09 L3 Experimental document command parser
)) (C:\Users\herra\AppData\Local\Programs\MiKTeX\tex/latex/graphics\rotating.sty
Package: rotating 2025/01/14 v2.16e rotated objects in LaTeX
\c@r@tfl@t=\count341
\rotFPtop=\skip82
\rotFPbot=\skip83
\rot@float@box=\box72
\rot@mess@toks=\toks62
) (C:\Users\herra\AppData\Local\Programs\MiKTeX\tex/latex/fbox\fbox.sty
Package: fbox 2023/12/04 v. 0.07 allow parts of the frame (hv)
 (C:\Users\herra\AppData\Local\Programs\MiKTeX\tex/latex/xkeyval\xkeyval.sty
Package: xkeyval 2022/06/16 v2.9 package option processing (HA)
 (C:\Users\herra\AppData\Local\Programs\MiKTeX\tex/generic/xkeyval\xkeyval.tex (C:\Users\herra\AppData\Local\Programs\MiKTeX\tex/generic/xkeyval\xkvutils.tex
\XKV@toks=\toks63
\XKV@tempa@toks=\toks64
)
\XKV@depth=\count342
File: xkeyval.tex 2014/12/03 v2.7a key=value parser (HA)
))
\fbox@@rule=\skip84
\fbox@@sep=\skip85
\fbox@@linewidth=\skip86
\fpar@b@x=\box73
)
\c@theorem=\count343

Document Class: all-in-one 2015/11/05 Version v1.4.0 by Mario Vilar
(C:\Users\herra\AppData\Local\Programs\MiKTeX\tex/latex/listings\listings.sty
\lst@mode=\count344
\lst@gtempboxa=\box74
\lst@token=\toks65
\lst@length=\count345
\lst@currlwidth=\dimen307
\lst@column=\count346
\lst@pos=\count347
\lst@lostspace=\dimen308
\lst@width=\dimen309
\lst@newlines=\count348
\lst@lineno=\count349
\lst@maxwidth=\dimen310
 (C:\Users\herra\AppData\Local\Programs\MiKTeX\tex/latex/listings\lstpatch.sty
File: lstpatch.sty 2025/11/14 1.11b (Carsten Heinz)
) (C:\Users\herra\AppData\Local\Programs\MiKTeX\tex/latex/listings\lstmisc.sty
File: lstmisc.sty 2025/11/14 1.11b (Carsten Heinz)
\c@lstnumber=\count350
\lst@skipnumbers=\count351
\lst@framebox=\box75
) (C:\Users\herra\AppData\Local\Programs\MiKTeX\tex/latex/listings\listings.cfg
File: listings.cfg 2025/11/14 1.11b listings configuration
))
Package: listings 2025/11/14 1.11b (Carsten Heinz)

==> First Aid for listings.sty no longer applied!
    Expected:
        2024/09/23 1.10c (Carsten Heinz)
    but found:
        2025/11/14 1.11b (Carsten Heinz)
    so I'm assuming it got fixed.
) (C:\Users\herra\AppData\Local\Programs\MiKTeX\tex/latex/caption\subcaption.sty
Package: subcaption 2023/07/28 v1.6b Sub-captions (AR)
 (C:\Users\herra\AppData\Local\Programs\MiKTeX\tex/latex/caption\caption.sty
Package: caption 2023/08/05 v3.6o Customizing captions (AR)
 (C:\Users\herra\AppData\Local\Programs\MiKTeX\tex/latex/caption\caption3.sty
Package: caption3 2023/07/31 v2.4d caption3 kernel (AR)
\caption@tempdima=\dimen311
\captionmargin=\dimen312
\caption@leftmargin=\dimen313
\caption@rightmargin=\dimen314
\caption@width=\dimen315
\caption@indent=\dimen316
\caption@parindent=\dimen317
\caption@hangindent=\dimen318
Package caption Info: Standard document class detected.
)
\c@caption@flags=\count352
\c@continuedfloat=\count353
Package caption Info: float package is loaded.
Package caption Info: listings package is loaded.
Package caption Info: rotating package is loaded.
)
Package caption Info: New subtype `subfigure' on input line 238.
\c@subfigure=\count354
Package caption Info: New subtype `subtable' on input line 238.
\c@subtable=\count355
) (C:\Users\herra\AppData\Local\Programs\MiKTeX\tex/latex/booktabs\booktabs.sty
Package: booktabs 2020/01/12 v1.61803398 Publication quality tables
\heavyrulewidth=\dimen319
\lightrulewidth=\dimen320
\cmidrulewidth=\dimen321
\belowrulesep=\dimen322
\belowbottomsep=\dimen323
\aboverulesep=\dimen324
\abovetopsep=\dimen325
\cmidrulesep=\dimen326
\cmidrulekern=\dimen327
\defaultaddspace=\dimen328
\@cmidla=\count356
\@cmidlb=\count357
\@aboverulesep=\dimen329
\@belowrulesep=\dimen330
\@thisruleclass=\count358
\@lastruleclass=\count359
\@thisrulewidth=\dimen331
) (C:\Users\herra\AppData\Local\Programs\MiKTeX\tex/latex/hyperref\hyperref.sty
Package: hyperref 2025-07-12 v7.01o Hypertext links for LaTeX
 (C:\Users\herra\AppData\Local\Programs\MiKTeX\tex/generic/kvdefinekeys\kvdefinekeys.sty
Package: kvdefinekeys 2019-12-19 v1.6 Define keys (HO)
) (C:\Users\herra\AppData\Local\Programs\MiKTeX\tex/generic/pdfescape\pdfescape.sty
Package: pdfescape 2019/12/09 v1.15 Implements pdfTeX's escape features (HO)
 (C:\Users\herra\AppData\Local\Programs\MiKTeX\tex/generic/pdftexcmds\pdftexcmds.sty
Package: pdftexcmds 2020-06-27 v0.33 Utility functions of pdfTeX for LuaTeX (HO)
 (C:\Users\herra\AppData\Local\Programs\MiKTeX\tex/generic/infwarerr\infwarerr.sty
Package: infwarerr 2019/12/03 v1.5 Providing info/warning/error messages (HO)
)
Package pdftexcmds Info: \pdf@primitive is available.
Package pdftexcmds Info: \pdf@ifprimitive is available.
Package pdftexcmds Info: \pdfdraftmode found.
)) (C:\Users\herra\AppData\Local\Programs\MiKTeX\tex/latex/hycolor\hycolor.sty
Package: hycolor 2020-01-27 v1.10 Color options for hyperref/bookmark (HO)
) (C:\Users\herra\AppData\Local\Programs\MiKTeX\tex/latex/hyperref\nameref.sty
Package: nameref 2025-06-21 v2.57 Cross-referencing by name of section
 (C:\Users\herra\AppData\Local\Programs\MiKTeX\tex/latex/refcount\refcount.sty
Package: refcount 2019/12/15 v3.6 Data extraction from label references (HO)
) (C:\Users\herra\AppData\Local\Programs\MiKTeX\tex/generic/gettitlestring\gettitlestring.sty
Package: gettitlestring 2019/12/15 v1.6 Cleanup title references (HO)
)
\c@section@level=\count360
) (C:\Users\herra\AppData\Local\Programs\MiKTeX\tex/generic/stringenc\stringenc.sty
Package: stringenc 2019/11/29 v1.12 Convert strings between diff. encodings (HO)
)
\@linkdim=\dimen332
\Hy@linkcounter=\count361
\Hy@pagecounter=\count362
 (C:\Users\herra\AppData\Local\Programs\MiKTeX\tex/latex/hyperref\pd1enc.def
File: pd1enc.def 2025-07-12 v7.01o Hyperref: PDFDocEncoding definition (HO)
Now handling font encoding PD1 ...
... no UTF-8 mapping file for font encoding PD1
) (C:\Users\herra\AppData\Local\Programs\MiKTeX\tex/generic/intcalc\intcalc.sty
Package: intcalc 2019/12/15 v1.3 Expandable calculations with integers (HO)
)
\Hy@SavedSpaceFactor=\count363
 (C:\Users\herra\AppData\Local\Programs\MiKTeX\tex/latex/hyperref\puenc.def
File: puenc.def 2025-07-12 v7.01o Hyperref: PDF Unicode definition (HO)
Now handling font encoding PU ...
... no UTF-8 mapping file for font encoding PU
)
Package hyperref Info: Hyper figures OFF on input line 4195.
Package hyperref Info: Link nesting OFF on input line 4200.
Package hyperref Info: Hyper index ON on input line 4203.
Package hyperref Info: Plain pages OFF on input line 4210.
Package hyperref Info: Backreferencing OFF on input line 4215.
Package hyperref Info: Implicit mode ON; LaTeX internals redefined.
Package hyperref Info: Bookmarks ON on input line 4462.
\c@Hy@tempcnt=\count364
 (C:\Users\herra\AppData\Local\Programs\MiKTeX\tex/latex/url\url.sty
\Urlmuskip=\muskip18
Package: url 2013/09/16  ver 3.4  Verb mode for urls, etc.
)
LaTeX Info: Redefining \url on input line 4801.
\XeTeXLinkMargin=\dimen333
 (C:\Users\herra\AppData\Local\Programs\MiKTeX\tex/generic/bitset\bitset.sty
Package: bitset 2019/12/09 v1.3 Handle bit-vector datatype (HO)
 (C:\Users\herra\AppData\Local\Programs\MiKTeX\tex/generic/bigintcalc\bigintcalc.sty
Package: bigintcalc 2019/12/15 v1.5 Expandable calculations on big integers (HO)
))
\Fld@menulength=\count365
\Field@Width=\dimen334
\Fld@charsize=\dimen335
Package hyperref Info: Hyper figures OFF on input line 6078.
Package hyperref Info: Link nesting OFF on input line 6083.
Package hyperref Info: Hyper index ON on input line 6086.
Package hyperref Info: backreferencing OFF on input line 6093.
Package hyperref Info: Link coloring OFF on input line 6098.
Package hyperref Info: Link coloring with OCG OFF on input line 6103.
Package hyperref Info: PDF/A mode OFF on input line 6108.
\Hy@abspage=\count366
\c@Item=\count367
\c@Hfootnote=\count368
)
Package hyperref Info: Driver (autodetected): hpdftex.
 (C:\Users\herra\AppData\Local\Programs\MiKTeX\tex/latex/hyperref\hpdftex.def
File: hpdftex.def 2025-07-12 v7.01o Hyperref driver for pdfTeX
\Fld@listcount=\count369
\c@bookmark@seq@number=\count370
 (C:\Users\herra\AppData\Local\Programs\MiKTeX\tex/latex/rerunfilecheck\rerunfilecheck.sty
Package: rerunfilecheck 2025-06-21 v1.11 Rerun checks for auxiliary files (HO)
 (C:\Users\herra\AppData\Local\Programs\MiKTeX\tex/generic/uniquecounter\uniquecounter.sty
Package: uniquecounter 2019/12/15 v1.4 Provide unlimited unique counter (HO)
)
Package uniquecounter Info: New unique counter `rerunfilecheck' on input line 284.
)
\Hy@SectionHShift=\skip87
) (C:\Users\herra\AppData\Local\Programs\MiKTeX\tex/latex/wrapfig\wrapfig.sty
\wrapoverhang=\dimen336
\WF@size=\dimen337
\c@WF@wrappedlines=\count371
\WF@box=\box76
\WF@everypar=\toks66
Package: wrapfig 2003/01/31  v 3.6
) (C:\Users\herra\AppData\Local\Programs\MiKTeX\tex/latex/circuitikz\circuitikz.sty
Package: circuitikz 2026/02/04{} The CircuiTikz circuit drawing package version 1.8.5
 (C:\Users\herra\AppData\Local\Programs\MiKTeX\tex/generic/pgf/frontendlayer/tikz/libraries\tikzlibrarycalc.code.tex
File: tikzlibrarycalc.code.tex 2025-08-29 v3.1.11a (3.1.11a)
) (C:\Users\herra\AppData\Local\Programs\MiKTeX\tex/generic/pgf/libraries\pgflibraryarrows.meta.code.tex
File: pgflibraryarrows.meta.code.tex 2025-08-29 v3.1.11a (3.1.11a)
\pgfarrowinset=\dimen338
\pgfarrowlength=\dimen339
\pgfarrowwidth=\dimen340
\pgfarrowlinewidth=\dimen341
) (C:\Users\herra\AppData\Local\Programs\MiKTeX\tex/generic/pgf/frontendlayer/tikz/libraries\tikzlibrarybending.code.tex
File: tikzlibrarybending.code.tex 2025-08-29 v3.1.11a (3.1.11a)
 (C:\Users\herra\AppData\Local\Programs\MiKTeX\tex/generic/pgf/modules\pgfmodulebending.code.tex
File: pgfmodulebending.code.tex 2025-08-29 v3.1.11a (3.1.11a)
 (C:\Users\herra\AppData\Local\Programs\MiKTeX\tex/generic/pgf/modules\pgfmodulenonlineartransformations.code.tex
File: pgfmodulenonlineartransformations.code.tex 2025-08-29 v3.1.11a (3.1.11a)
\pgftransformnonlinearflatness=\dimen342
) (C:\Users\herra\AppData\Local\Programs\MiKTeX\tex/generic/pgf/libraries\pgflibrarycurvilinear.code.tex
File: pgflibrarycurvilinear.code.tex 2025-08-29 v3.1.11a (3.1.11a)
\pgf@curvilinear@time@a=\dimen343
\pgf@curvilinear@length@a=\dimen344
\pgf@curvilinear@length@b=\dimen345
\pgf@curvilinear@length@c=\dimen346
\pgf@curvilinear@length@d=\dimen347
)
\pgf@arrows@the@rigidity=\dimen348
)) (C:\Users\herra\AppData\Local\Programs\MiKTeX\tex/generic/pgf/frontendlayer/tikz/libraries\tikzlibraryfpu.code.tex) (C:\Users\herra\AppData\Local\Programs\MiKTeX\tex/generic/circuitikz\pgfcirc.defines.tex
\pgf@circ@count@a=\count372
\pgf@circ@count@b=\count373
\pgf@circ@count@c=\count374
\pgf@circ@res@up=\dimen349
\pgf@circ@res@down=\dimen350
\pgf@circ@res@zero=\dimen351
\pgf@circ@res@left=\dimen352
\pgf@circ@res@right=\dimen353
\pgf@circ@res@other=\dimen354
\pgf@circ@res@step=\dimen355
\pgf@circ@res@temp=\dimen356
\pgf@circ@Rlen=\dimen357
\pgf@circ@scaled@Rlen=\dimen358
\pgfstartlinewidth=\dimen359
) (C:\Users\herra\AppData\Local\Programs\MiKTeX\tex/generic/circuitikz\pgfcircutils.tex
\ctikz@scratchbox=\box77
) (C:\Users\herra\AppData\Local\Programs\MiKTeX\tex/generic/circuitikz\pgfcircpath.tex
\ctikz@vif@count=\count375
) (C:\Users\herra\AppData\Local\Programs\MiKTeX\tex/generic/circuitikz\pgfcircshapes.tex) (C:\Users\herra\AppData\Local\Programs\MiKTeX\tex/generic/circuitikz\pgfcircmonopoles.tex) (C:\Users\herra\AppData\Local\Programs\MiKTeX\tex/generic/circuitikz\pgfcircbipoles.tex) (C:\Users\herra\AppData\Local\Programs\MiKTeX\tex/generic/circuitikz\pgfcirctripoles.tex
\pgf@circ@res@count=\count376
) (C:\Users\herra\AppData\Local\Programs\MiKTeX\tex/generic/circuitikz\pgfcircquadpoles.tex) (C:\Users\herra\AppData\Local\Programs\MiKTeX\tex/generic/circuitikz\pgfcircmultipoles.tex) (C:\Users\herra\AppData\Local\Programs\MiKTeX\tex/generic/circuitikz\pgfcirclabel.tex) (C:\Users\herra\AppData\Local\Programs\MiKTeX\tex/generic/circuitikz\pgfcircvoltage.tex
\pgfcirc@labelshift=\dimen360
) (C:\Users\herra\AppData\Local\Programs\MiKTeX\tex/generic/circuitikz\pgfcirccurrent.tex) (C:\Users\herra\AppData\Local\Programs\MiKTeX\tex/generic/circuitikz\pgfcircflow.tex))
Package hyperref Info: Option `colorlinks' set `true' on input line 43.
 (preamble.tex (C:\Users\herra\AppData\Local\Programs\MiKTeX\tex/latex/csquotes\csquotes.sty
Package: csquotes 2024-04-04 v5.2o context-sensitive quotations (JAW)
\csq@reset=\count377
\csq@gtype=\count378
\csq@glevel=\count379
\csq@qlevel=\count380
\csq@maxlvl=\count381
\csq@tshold=\count382
\csq@ltx@everypar=\toks67
 (C:\Users\herra\AppData\Local\Programs\MiKTeX\tex/latex/csquotes\csquotes.def
File: csquotes.def 2024-04-04 v5.2o csquotes generic definitions (JAW)
)
Package csquotes Info: Trying to load configuration file 'csquotes.cfg'...
Package csquotes Info: ... configuration file loaded successfully.
 (C:\Users\herra\AppData\Local\Programs\MiKTeX\tex/latex/csquotes\csquotes.cfg
File: csquotes.cfg 
)
Package csquotes Info: Disabling multilingual quotes.
Package csquotes Info: Redefining alias 'default' -> 'spanish'.
) (C:\Users\herra\AppData\Local\Programs\MiKTeX\tex/latex/biblatex\biblatex.sty
Package: biblatex 2025/07/10 v3.21 programmable bibliographies (PK/MW)
 (C:\Users\herra\AppData\Local\Programs\MiKTeX\tex/latex/logreq\logreq.sty
Package: logreq 2010/08/04 v1.0 xml request logger
\lrq@indent=\count383
 (C:\Users\herra\AppData\Local\Programs\MiKTeX\tex/latex/logreq\logreq.def
File: logreq.def 2010/08/04 v1.0 logreq spec v1.0
))
\c@tabx@nest=\count384
\c@listtotal=\count385
\c@listcount=\count386
\c@liststart=\count387
\c@liststop=\count388
\c@citecount=\count389
\c@citetotal=\count390
\c@multicitecount=\count391
\c@multicitetotal=\count392
\c@instcount=\count393
\c@maxnames=\count394
\c@minnames=\count395
\c@maxitems=\count396
\c@minitems=\count397
\c@citecounter=\count398
\c@maxcitecounter=\count399
\c@savedcitecounter=\count400
\c@uniquelist=\count401
\c@uniquename=\count402
\c@refsection=\count403
\c@refsegment=\count404
\c@maxextratitle=\count405
\c@maxextratitleyear=\count406
\c@maxextraname=\count407
\c@maxextradate=\count408
\c@maxextraalpha=\count409
\c@abbrvpenalty=\count410
\c@highnamepenalty=\count411
\c@lownamepenalty=\count412
\c@maxparens=\count413
\c@parenlevel=\count414
\blx@tempcnta=\count415
\blx@tempcntb=\count416
\blx@tempcntc=\count417
\c@blx@maxsection=\count418
\blx@maxsegment@0=\count419
\blx@notetype=\count420
\blx@parenlevel@text=\count421
\blx@parenlevel@foot=\count422
\blx@sectionciteorder@0=\count423
\blx@sectionciteorderinternal@0=\count424
\blx@entrysetcounter=\count425
\blx@biblioinstance=\count426
\labelnumberwidth=\skip88
\labelalphawidth=\skip89
\biblabelsep=\skip90
\bibitemsep=\skip91
\bibnamesep=\skip92
\bibinitsep=\skip93
\bibparsep=\skip94
\bibhang=\skip95
\blx@bcfin=\read5
\blx@bcfout=\write4
\blx@langwohyphens=\language80
\c@mincomprange=\count427
\c@maxcomprange=\count428
\c@mincompwidth=\count429
Package biblatex Info: Trying to load biblatex default data model...
Package biblatex Info: ... file 'blx-dm.def' found.
 (C:\Users\herra\AppData\Local\Programs\MiKTeX\tex/latex/biblatex\blx-dm.def
File: blx-dm.def 2025/07/10 v3.21 biblatex datamodel (PK/MW)
)
Package biblatex Info: Trying to load biblatex style data model...
Package biblatex Info: ... file 'ieee.dbx' not found.
Package biblatex Info: Trying to load biblatex custom data model...
Package biblatex Info: ... file 'biblatex-dm.cfg' not found.
\c@afterword=\count430
\c@savedafterword=\count431
\c@annotator=\count432
\c@savedannotator=\count433
\c@author=\count434


LaTeX Warning: Command `\theauthor' already defined -- not changed on input line 7668.

\c@savedauthor=\count435
\c@bookauthor=\count436
\c@savedbookauthor=\count437
\c@commentator=\count438
\c@savedcommentator=\count439
\c@editor=\count440
\c@savededitor=\count441
\c@editora=\count442
\c@savededitora=\count443
\c@editorb=\count444
\c@savededitorb=\count445
\c@editorc=\count446
\c@savededitorc=\count447
\c@foreword=\count448
\c@savedforeword=\count449
\c@holder=\count450
\c@savedholder=\count451
\c@introduction=\count452
\c@savedintroduction=\count453
\c@namea=\count454
\c@savednamea=\count455
\c@nameb=\count456
\c@savednameb=\count457
\c@namec=\count458
\c@savednamec=\count459
\c@translator=\count460
\c@savedtranslator=\count461
\c@shortauthor=\count462
\c@savedshortauthor=\count463
\c@shorteditor=\count464
\c@savedshorteditor=\count465
\c@labelname=\count466
\c@savedlabelname=\count467
\c@institution=\count468
\c@savedinstitution=\count469
\c@lista=\count470
\c@savedlista=\count471
\c@listb=\count472
\c@savedlistb=\count473
\c@listc=\count474
\c@savedlistc=\count475
\c@listd=\count476
\c@savedlistd=\count477
\c@liste=\count478
\c@savedliste=\count479
\c@listf=\count480
\c@savedlistf=\count481
\c@location=\count482
\c@savedlocation=\count483
\c@organization=\count484
\c@savedorganization=\count485
\c@origlocation=\count486
\c@savedoriglocation=\count487
\c@origpublisher=\count488
\c@savedorigpublisher=\count489
\c@publisher=\count490
\c@savedpublisher=\count491
\c@language=\count492
\c@savedlanguage=\count493
\c@origlanguage=\count494
\c@savedoriglanguage=\count495
\c@pageref=\count496
\c@savedpageref=\count497
\shorthandwidth=\skip96
\shortjournalwidth=\skip97
\shortserieswidth=\skip98
\shorttitlewidth=\skip99
\shortauthorwidth=\skip100
\shorteditorwidth=\skip101
\locallabelnumberwidth=\skip102
\locallabelalphawidth=\skip103
\localshorthandwidth=\skip104
\localshortjournalwidth=\skip105
\localshortserieswidth=\skip106
\localshorttitlewidth=\skip107
\localshortauthorwidth=\skip108
\localshorteditorwidth=\skip109
Package biblatex Info: Trying to load compatibility code...
Package biblatex Info: ... file 'blx-compat.def' found.
(C:\Users\herra\AppData\Local\Programs\MiKTeX\tex/latex/biblatex\blx-compat.def
File: blx-compat.def 2025/07/10 v3.21 biblatex compatibility (PK/MW)
)
Package biblatex Info: Trying to load generic definitions...
Package biblatex Info: ... file 'biblatex.def' found.
 (C:\Users\herra\AppData\Local\Programs\MiKTeX\tex/latex/biblatex\biblatex.def
File: biblatex.def 2025/07/10 v3.21 biblatex compatibility (PK/MW)
\c@textcitecount=\count498
\c@textcitetotal=\count499
\c@textcitemaxnames=\count500
\c@biburlbigbreakpenalty=\count501
\c@biburlbreakpenalty=\count502
\c@biburlnumpenalty=\count503
\c@biburlucpenalty=\count504
\c@biburllcpenalty=\count505
\biburlbigskip=\muskip19
\biburlnumskip=\muskip20
\biburlucskip=\muskip21
\biburllcskip=\muskip22
\c@smartand=\count506
)
Package biblatex Info: Trying to load bibliography style 'ieee'...
Package biblatex Info: ... file 'ieee.bbx' found.
 (C:\Users\herra\AppData\Local\Programs\MiKTeX\tex/latex/biblatex-ieee\ieee.bbx
File: ieee.bbx 2025-08-01 v1.4f biblatex bibliography style
Package biblatex Info: Trying to load bibliography style 'numeric-comp'...
Package biblatex Info: ... file 'numeric-comp.bbx' found.
 (C:\Users\herra\AppData\Local\Programs\MiKTeX\tex/latex/biblatex/bbx\numeric-comp.bbx
File: numeric-comp.bbx 2025/07/10 v3.21 biblatex bibliography style (PK/MW)
Package biblatex Info: Trying to load bibliography style 'numeric'...
Package biblatex Info: ... file 'numeric.bbx' found.
 (C:\Users\herra\AppData\Local\Programs\MiKTeX\tex/latex/biblatex/bbx\numeric.bbx
File: numeric.bbx 2025/07/10 v3.21 biblatex bibliography style (PK/MW)
Package biblatex Info: Trying to load bibliography style 'standard'...
Package biblatex Info: ... file 'standard.bbx' found.
 (C:\Users\herra\AppData\Local\Programs\MiKTeX\tex/latex/biblatex/bbx\standard.bbx
File: standard.bbx 2025/07/10 v3.21 biblatex bibliography style (PK/MW)
\c@bbx:relatedcount=\count507
\c@bbx:relatedtotal=\count508
))))
Package biblatex Info: Trying to load citation style 'numeric'...
Package biblatex Info: ... file 'numeric.cbx' found.
 (C:\Users\herra\AppData\Local\Programs\MiKTeX\tex/latex/biblatex/cbx\numeric.cbx
File: numeric.cbx 2025/07/10 v3.21 biblatex citation style (PK/MW)
Package biblatex Info: Redefining '\cite'.
Package biblatex Info: Redefining '\parencite'.
Package biblatex Info: Redefining '\footcite'.
Package biblatex Info: Redefining '\footcitetext'.
Package biblatex Info: Redefining '\smartcite'.
Package biblatex Info: Redefining '\supercite'.
Package biblatex Info: Redefining '\textcite'.
Package biblatex Info: Redefining '\textcites'.
Package biblatex Info: Redefining '\cites'.
Package biblatex Info: Redefining '\parencites'.
Package biblatex Info: Redefining '\smartcites'.
)
Package biblatex Info: Trying to load configuration file...
Package biblatex Info: ... file 'biblatex.cfg' found.
 (C:\Users\herra\AppData\Local\Programs\MiKTeX\tex/latex/biblatex\biblatex.cfg
File: biblatex.cfg 
)
Package biblatex Info: Input encoding 'utf8' detected.
Package biblatex Info: Document encoding is UTF8 ....
Package biblatex Info: ... and expl3
(biblatex)             2025-12-24 L3 programming layer (loader) 
(biblatex)             is new enough (at least 2020/04/06),
(biblatex)             setting 'casechanger=expl3'.
 (C:\Users\herra\AppData\Local\Programs\MiKTeX\tex/latex/biblatex\blx-case-expl3.sty
Package: blx-case-expl3 2025/07/10 v3.21 expl3 case changing code for biblatex
))
Package hyperref Info: Option `pdfmenubar' set `true' on input line 30.
Package hyperref Info: Option `pdftoolbar' set `true' on input line 30.
Package hyperref Info: Option `bookmarksopen' set `false' on input line 30.
) (C:\Users\herra\AppData\Local\Programs\MiKTeX\tex/latex/colortbl\colortbl.sty
Package: colortbl 2024/10/29 v1.0k Color table columns (DPC)
 (C:\Users\herra\AppData\Local\Programs\MiKTeX\tex/latex/tools\array.sty
Package: array 2025/09/25 v2.6n Tabular extension package (FMi)
\col@sep=\dimen361
\ar@mcellbox=\box78
\extrarowheight=\dimen362
\NC@list=\toks68
\extratabsurround=\skip110
\backup@length=\skip111
\ar@cellbox=\box79
)
\everycr=\toks69
\minrowclearance=\skip112
\rownum=\count509
) (C:\Users\herra\AppData\Local\Programs\MiKTeX\tex/latex/gensymb\gensymb.sty
Package: gensymb 2022/10/17 v1.0.2 (KJH)
) (C:\Users\herra\AppData\Local\Programs\MiKTeX\tex/latex/lipsum\lipsum.sty (C:\Users\herra\AppData\Local\Programs\MiKTeX\tex/latex/l3packages/l3keys2e\l3keys2e.sty
Package: l3keys2e 2025-10-09 LaTeX2e option processing using LaTeX3 keys
)
Package: lipsum 2021-09-20 v2.7 150 paragraphs of Lorem Ipsum dummy text
\g__lipsum_par_int=\count510
\l__lipsum_a_int=\count511
\l__lipsum_b_int=\count512
 (C:\Users\herra\AppData\Local\Programs\MiKTeX\tex/latex/lipsum\lipsum.ltd.tex)) (C:\Users\herra\AppData\Local\Programs\MiKTeX\tex/latex/listings\lstlang1.sty
File: lstlang1.sty 2025/11/14 1.11b listings language file
)
\myspace=\skip113
 (C:\Users\herra\AppData\Local\Programs\MiKTeX\tex/latex/ccicons\ccicons.sty
Package: ccicons 2017/10/30 v1.6 LaTeX support for Creative Commons icons
) (main.aux
LaTeX Info: Redefining \. on input line 14.
LaTeX Info: Redefining \% on input line 14.
Package babel Info: 'spanish' activates 'spanish' shorthands.
(babel)             Reported on input line 14.


LaTeX Warning: Label `fig: esquema simplificado del muestreo' multiply defined.

)
\openout1 = `main.aux'.

LaTeX Font Info:    Checking defaults for OML/cmm/m/it on input line 96.
LaTeX Font Info:    ... okay on input line 96.
LaTeX Font Info:    Checking defaults for OMS/cmsy/m/n on input line 96.
LaTeX Font Info:    ... okay on input line 96.
LaTeX Font Info:    Checking defaults for OT1/cmr/m/n on input line 96.
LaTeX Font Info:    ... okay on input line 96.
LaTeX Font Info:    Checking defaults for T1/cmr/m/n on input line 96.
LaTeX Font Info:    ... okay on input line 96.
LaTeX Font Info:    Checking defaults for TS1/cmr/m/n on input line 96.
LaTeX Font Info:    ... okay on input line 96.
LaTeX Font Info:    Checking defaults for OMX/cmex/m/n on input line 96.
LaTeX Font Info:    ... okay on input line 96.
LaTeX Font Info:    Checking defaults for U/cmr/m/n on input line 96.
LaTeX Font Info:    ... okay on input line 96.
LaTeX Font Info:    Checking defaults for PD1/pdf/m/n on input line 96.
LaTeX Font Info:    ... okay on input line 96.
LaTeX Font Info:    Checking defaults for PU/pdf/m/n on input line 96.
LaTeX Font Info:    ... okay on input line 96.
 (C:\Users\herra\AppData\Local\Programs\MiKTeX\tex/context/base/mkii\supp-pdf.mkii
[Loading MPS to PDF converter (version 2006.09.02).]
\scratchcounter=\count513
\scratchdimen=\dimen363
\scratchbox=\box80
\nofMPsegments=\count514
\nofMParguments=\count515
\everyMPshowfont=\toks70
\MPscratchCnt=\count516
\MPscratchDim=\dimen364
\MPnumerator=\count517
\makeMPintoPDFobject=\count518
\everyMPtoPDFconversion=\toks71
) (C:\Users\herra\AppData\Local\Programs\MiKTeX\tex/latex/epstopdf-pkg\epstopdf-base.sty
Package: epstopdf-base 2020-01-24 v2.11 Base part for package epstopdf
Package epstopdf-base Info: Redefining graphics rule for `.eps' on input line 485.
 (C:\Users\herra\AppData\Local\Programs\MiKTeX\tex/latex/00miktex\epstopdf-sys.cfg
File: epstopdf-sys.cfg 2021/03/18 v2.0 Configuration of epstopdf for MiKTeX
))
Package pgfplots notification 'compat/show suggested version=true': document has been generated with the most recent feature set (\pgfplotsset{compat=1.18}).

LaTeX Info: Redefining \. on input line 96.
LaTeX Info: Redefining \% on input line 96.
*geometry* driver: auto-detecting
*geometry* detected driver: pdftex
*geometry* verbose mode - [ preamble ] result:
* driver: pdftex
* paper: a4paper
* layout: <same size as paper>
* layoutoffset:(h,v)=(0.0pt,0.0pt)
* modes: twoside 
* h-part:(L,W,R)=(54.34477pt, 488.81833pt, 54.34477pt)
* v-part:(T,H,B)=(72.26997pt, 700.5069pt, 72.26997pt)
* \paperwidth=597.50787pt
* \paperheight=845.04684pt
* \textwidth=488.81833pt
* \textheight=674.7208pt
* \oddsidemargin=-17.92522pt
* \evensidemargin=-17.92522pt
* \topmargin=-37.00002pt
* \headheight=15.0pt
* \headsep=36.74713pt
* \topskip=12.0pt
* \footskip=41.74713pt
* \marginparwidth=85.0pt
* \marginparsep=10.0pt
* \columnsep=10.0pt
* \skip\footins=10.8pt plus 4.0pt minus 2.0pt
* \hoffset=0.0pt
* \voffset=0.0pt
* \mag=1000
* \@twocolumnfalse
* \@twosidetrue
* \@mparswitchtrue
* \@reversemarginfalse
* (1in=72.27pt=25.4mm, 1cm=28.453pt)

\c@lstlisting=\count519
Package caption Info: Begin \AtBeginDocument code.
Package caption Info: hyperref package is loaded.
Package caption Info: wrapfig package is loaded.
Package caption Info: End \AtBeginDocument code.
Package hyperref Info: Link coloring OFF on input line 96.
(main.out) (main.out)
\@outlinefile=\write5
\openout5 = `main.out'.

Package biblatex Info: Trying to load language 'spanish'...
Package biblatex Info: ... file 'spanish.lbx' found.
 (C:\Users\herra\AppData\Local\Programs\MiKTeX\tex/latex/biblatex/lbx\spanish.lbx
File: spanish.lbx 2025/07/10 v3.21 biblatex localization (PK/MW)
)
Package biblatex Info: Input encoding 'utf8' detected.
Package biblatex Info: Automatic encoding selection.
(biblatex)             Assuming data encoding 'utf8'.
\openout4 = `main.bcf'.

Package biblatex Info: Trying to load bibliographic data...
Package biblatex Info: ... file 'main.bbl' found.
 (main.bbl)
Package biblatex Info: Reference section=0 on input line 96.
Package biblatex Info: Reference segment=0 on input line 96.
LaTeX Info: Redefining \celsius on input line 96.
Package gensymb Info: Faking symbols for \degree and \celsius on input line 96.


Package gensymb Warning: Not defining \perthousand.

LaTeX Info: Redefining \ohm on input line 96.
Package gensymb Info: Using \Omega for \ohm on input line 96.

Package gensymb Warning: Not defining \micro.

LaTeX Font Info:    Trying to load font information for U+msa on input line 110.
(C:\Users\herra\AppData\Local\Programs\MiKTeX\tex/latex/amsfonts\umsa.fd
File: umsa.fd 2013/01/14 v3.01 AMS symbols A
)
LaTeX Font Info:    Trying to load font information for U+msb on input line 110.
 (C:\Users\herra\AppData\Local\Programs\MiKTeX\tex/latex/amsfonts\umsb.fd
File: umsb.fd 2013/01/14 v3.01 AMS symbols B
)
<Imagenes/titlepage.png, id=103, 170.13562pt x 220.57407pt>
File: Imagenes/titlepage.png Graphic file (type png)
<use Imagenes/titlepage.png>
Package pdftex.def Info: Imagenes/titlepage.png  used on input line 111.
(pdftex.def)             Requested size: 117.47131pt x 152.29723pt.
 [1

{C:/Users/herra/AppData/Local/MiKTeX/fonts/map/pdftex/pdftex.map} <./Imagenes/titlepage.png>]

LaTeX Font Warning: Font shape `T1/cmr/m/scit' undefined
(Font)              using `T1/cmr/m/scsl' instead on input line 119.

(main.toc
LaTeX Info: Redefining \sptext on input line 1.
LaTeX Info: Redefining \. on input line 1.
LaTeX Info: Redefining \% on input line 1.
)
\tf@toc=\write6
\openout6 = `main.toc'.

 [2] (Secciones/1_Introduccion.tex

LaTeX Font Warning: Font shape `T1/cmr/m/scit' undefined
(Font)              using `T1/cmr/m/scsl' instead on input line 1.

)
<Imagenes/logo.png, id=149, 564.1878pt x 277.035pt>
File: Imagenes/logo.png Graphic file (type png)
<use Imagenes/logo.png>
Package pdftex.def Info: Imagenes/logo.png  used on input line 125.
(pdftex.def)             Requested size: 46.98853pt x 23.0721pt.
 [3 <./Imagenes/logo.png>] (Secciones/2_oscilador.tex

LaTeX Font Warning: Font shape `T1/cmr/m/scit' undefined
(Font)              using `T1/cmr/m/scsl' instead on input line 1.

<Imagenes/2_Oscilador/oscilador.pdf, id=159, 1381.16pt x 1076.02pt>
File: Imagenes/2_Oscilador/oscilador.pdf Graphic file (type pdf)
<use Imagenes/2_Oscilador/oscilador.pdf>
Package pdftex.def Info: Imagenes/2_Oscilador/oscilador.pdf  used on input line 7.
(pdftex.def)             Requested size: 488.81833pt x 380.81584pt.
File: Imagenes/logo.png Graphic file (type png)
<use Imagenes/logo.png>
Package pdftex.def Info: Imagenes/logo.png  used on input line 14.
(pdftex.def)             Requested size: 46.98853pt x 23.0721pt.
[4 <./Imagenes/2_Oscilador/oscilador.pdf>]

LaTeX Font Warning: Font shape `T1/cmr/m/scit' undefined
(Font)              using `T1/cmr/m/scsl' instead on input line 15.

<Imagenes/2_Oscilador/oscilador_de_relajación.pdf, id=174, 1076.02pt x 819.06pt>
File: Imagenes/2_Oscilador/oscilador_de_relajación.pdf Graphic file (type pdf)
<use Imagenes/2_Oscilador/oscilador_de_relajación.pdf>
Package pdftex.def Info: Imagenes/2_Oscilador/oscilador_de_relajación.pdf  used on input line 22.
(pdftex.def)             Requested size: 342.17133pt x 260.45483pt.
<Imagenes/2_Oscilador/osc_rel_neg.pdf, id=175, 706.64pt x 465.74pt>
File: Imagenes/2_Oscilador/osc_rel_neg.pdf Graphic file (type pdf)
<use Imagenes/2_Oscilador/osc_rel_neg.pdf>
Package pdftex.def Info: Imagenes/2_Oscilador/osc_rel_neg.pdf  used on input line 35.
(pdftex.def)             Requested size: 234.6307pt x 154.63985pt.
<Imagenes/2_Oscilador/osc_rel_pos.pdf, id=176, 610.28pt x 417.56pt>
File: Imagenes/2_Oscilador/osc_rel_pos.pdf Graphic file (type pdf)
<use Imagenes/2_Oscilador/osc_rel_pos.pdf>
Package pdftex.def Info: Imagenes/2_Oscilador/osc_rel_pos.pdf  used on input line 42.
(pdftex.def)             Requested size: 234.6307pt x 160.5349pt.
File: Imagenes/logo.png Graphic file (type png)
<use Imagenes/logo.png>
Package pdftex.def Info: Imagenes/logo.png  used on input line 55.
(pdftex.def)             Requested size: 46.98853pt x 23.0721pt.
[5 <./Imagenes/2_Oscilador/oscilador_de_relajación.pdf> <./Imagenes/2_Oscilador/osc_rel_neg.pdf> <./Imagenes/2_Oscilador/osc_rel_pos.pdf>])
File: Imagenes/logo.png Graphic file (type png)
<use Imagenes/logo.png>
Package pdftex.def Info: Imagenes/logo.png  used on input line 127.
(pdftex.def)             Requested size: 46.98853pt x 23.0721pt.
 [6] (Secciones/3_Filtro.tex

LaTeX Font Warning: Font shape `T1/cmr/m/scit' undefined
(Font)              using `T1/cmr/m/scsl' instead on input line 1.

)
File: Imagenes/logo.png Graphic file (type png)
<use Imagenes/logo.png>
Package pdftex.def Info: Imagenes/logo.png  used on input line 129.
(pdftex.def)             Requested size: 46.98853pt x 23.0721pt.
 [7] (Secciones/4_S&H.tex

LaTeX Font Warning: Font shape `T1/cmr/m/scit' undefined
(Font)              using `T1/cmr/m/scsl' instead on input line 1.

)
File: Imagenes/logo.png Graphic file (type png)
<use Imagenes/logo.png>
Package pdftex.def Info: Imagenes/logo.png  used on input line 131.
(pdftex.def)             Requested size: 46.98853pt x 23.0721pt.
 [8] (Secciones/5_Muestreo.tex

LaTeX Font Warning: Font shape `T1/cmr/m/scit' undefined
(Font)              using `T1/cmr/m/scsl' instead on input line 1.


LaTeX Font Warning: Font shape `T1/cmr/m/scit' undefined
(Font)              using `T1/cmr/m/scsl' instead on input line 12.

<Imagenes/5_Muestreo/esquema_inicial.pdf, id=228, 511.9125pt x 170.88844pt>
File: Imagenes/5_Muestreo/esquema_inicial.pdf Graphic file (type pdf)
<use Imagenes/5_Muestreo/esquema_inicial.pdf>
Package pdftex.def Info: Imagenes/5_Muestreo/esquema_inicial.pdf  used on input line 18.
(pdftex.def)             Requested size: 488.81833pt x 163.18011pt.
<Imagenes/5_Muestreo/Esquema_general.pdf, id=229, 511.9125pt x 170.88844pt>
File: Imagenes/5_Muestreo/Esquema_general.pdf Graphic file (type pdf)
<use Imagenes/5_Muestreo/Esquema_general.pdf>
Package pdftex.def Info: Imagenes/5_Muestreo/Esquema_general.pdf  used on input line 27.
(pdftex.def)             Requested size: 488.81833pt x 163.18011pt.

LaTeX Font Warning: Font shape `T1/cmr/m/scit' undefined
(Font)              using `T1/cmr/m/scsl' instead on input line 34.

<Imagenes/5_Muestreo/Muestreo_inst.pdf, id=230, 511.9125pt x 170.88844pt>
File: Imagenes/5_Muestreo/Muestreo_inst.pdf Graphic file (type pdf)
<use Imagenes/5_Muestreo/Muestreo_inst.pdf>
Package pdftex.def Info: Imagenes/5_Muestreo/Muestreo_inst.pdf  used on input line 40.
(pdftex.def)             Requested size: 488.81833pt x 163.18011pt.
File: Imagenes/logo.png Graphic file (type png)
<use Imagenes/logo.png>
Package pdftex.def Info: Imagenes/logo.png  used on input line 43.
(pdftex.def)             Requested size: 46.98853pt x 23.0721pt.
[9 <./Imagenes/5_Muestreo/esquema_inicial.pdf> <./Imagenes/5_Muestreo/Esquema_general.pdf>]
File: Imagenes/logo.png Graphic file (type png)
<use Imagenes/logo.png>
Package pdftex.def Info: Imagenes/logo.png  used on input line 86.
(pdftex.def)             Requested size: 46.98853pt x 23.0721pt.
 [10 <./Imagenes/5_Muestreo/Muestreo_inst.pdf>]

LaTeX Font Warning: Font shape `T1/cmr/m/scit' undefined
(Font)              using `T1/cmr/m/scsl' instead on input line 90.

<Imagenes/5_Muestreo/Muestreo_nat.pdf, id=402, 511.9125pt x 170.88844pt>
File: Imagenes/5_Muestreo/Muestreo_nat.pdf Graphic file (type pdf)
<use Imagenes/5_Muestreo/Muestreo_nat.pdf>
Package pdftex.def Info: Imagenes/5_Muestreo/Muestreo_nat.pdf  used on input line 95.
(pdftex.def)             Requested size: 488.81833pt x 163.18011pt.

Underfull \vbox (badness 1490) has occurred while \output is active []

File: Imagenes/logo.png Graphic file (type png)
<use Imagenes/logo.png>
Package pdftex.def Info: Imagenes/logo.png  used on input line 132.
(pdftex.def)             Requested size: 46.98853pt x 23.0721pt.
 [11 <./Imagenes/5_Muestreo/Muestreo_nat.pdf>]

LaTeX Font Warning: Font shape `T1/cmr/m/scit' undefined
(Font)              using `T1/cmr/m/scsl' instead on input line 136.

<Imagenes/5_Muestreo/Muestreo SH.pdf, id=455, 511.9125pt x 170.88844pt>
File: Imagenes/5_Muestreo/Muestreo SH.pdf Graphic file (type pdf)
<use Imagenes/5_Muestreo/Muestreo SH.pdf>
Package pdftex.def Info: Imagenes/5_Muestreo/Muestreo SH.pdf  used on input line 141.
(pdftex.def)             Requested size: 488.81833pt x 163.18011pt.

LaTeX Font Warning: Font shape `T1/cmr/m/scit' undefined
(Font)              using `T1/cmr/m/scsl' instead on input line 158.

File: Imagenes/logo.png Graphic file (type png)
<use Imagenes/logo.png>
Package pdftex.def Info: Imagenes/logo.png  used on input line 162.
(pdftex.def)             Requested size: 46.98853pt x 23.0721pt.
[12 <./Imagenes/5_Muestreo/Muestreo SH.pdf>]
<Imagenes/5_Muestreo/filtro_mag.png, id=508, 414.8298pt x 331.7193pt>
File: Imagenes/5_Muestreo/filtro_mag.png Graphic file (type png)
<use Imagenes/5_Muestreo/filtro_mag.png>
Package pdftex.def Info: Imagenes/5_Muestreo/filtro_mag.png  used on input line 173.
(pdftex.def)             Requested size: 234.6307pt x 187.61914pt.
<Imagenes/5_Muestreo/filtro_pha.png, id=509, 421.3341pt x 331.7193pt>
File: Imagenes/5_Muestreo/filtro_pha.png Graphic file (type png)
<use Imagenes/5_Muestreo/filtro_pha.png>
Package pdftex.def Info: Imagenes/5_Muestreo/filtro_pha.png  used on input line 180.
(pdftex.def)             Requested size: 234.6307pt x 184.72389pt.


LaTeX Font Warning: Font shape `T1/cmr/m/scit' undefined
(Font)              using `T1/cmr/m/scsl' instead on input line 196.

File: Imagenes/logo.png Graphic file (type png)
<use Imagenes/logo.png>
Package pdftex.def Info: Imagenes/logo.png  used on input line 199.
(pdftex.def)             Requested size: 46.98853pt x 23.0721pt.
[13 <./Imagenes/5_Muestreo/filtro_mag.png> <./Imagenes/5_Muestreo/filtro_pha.png>]

LaTeX Font Warning: Font shape `T1/cmr/m/scit' undefined
(Font)              using `T1/cmr/m/scsl' instead on input line 206.

<Imagenes/5_Muestreo/a_inst_fs_32k_fin_15k_D_50.pdf, id=519, 922.16518pt x 501.55379pt>
File: Imagenes/5_Muestreo/a_inst_fs_32k_fin_15k_D_50.pdf Graphic file (type pdf)
<use Imagenes/5_Muestreo/a_inst_fs_32k_fin_15k_D_50.pdf>
Package pdftex.def Info: Imagenes/5_Muestreo/a_inst_fs_32k_fin_15k_D_50.pdf  used on input line 220.
(pdftex.def)             Requested size: 342.17133pt x 186.10005pt.
<Imagenes/5_Muestreo/a_nat_fs_32k_fin_15k_D_50.pdf, id=520, 922.16518pt x 501.55379pt>
File: Imagenes/5_Muestreo/a_nat_fs_32k_fin_15k_D_50.pdf Graphic file (type pdf)
<use Imagenes/5_Muestreo/a_nat_fs_32k_fin_15k_D_50.pdf>
Package pdftex.def Info: Imagenes/5_Muestreo/a_nat_fs_32k_fin_15k_D_50.pdf  used on input line 229.
(pdftex.def)             Requested size: 342.17133pt x 186.10005pt.
File: Imagenes/logo.png Graphic file (type png)
<use Imagenes/logo.png>
Package pdftex.def Info: Imagenes/logo.png  used on input line 232.
(pdftex.def)             Requested size: 46.98853pt x 23.0721pt.
[14 <./Imagenes/5_Muestreo/a_inst_fs_32k_fin_15k_D_50.pdf>]
Underfull \vbox (badness 1194) has occurred while \output is active []

File: Imagenes/logo.png Graphic file (type png)
<use Imagenes/logo.png>
Package pdftex.def Info: Imagenes/logo.png  used on input line 250.
(pdftex.def)             Requested size: 46.98853pt x 23.0721pt.
 [15 <./Imagenes/5_Muestreo/a_nat_fs_32k_fin_15k_D_50.pdf>]
<Imagenes/5_Muestreo/a_inst_fs_43_45_k_fin_15k_D_50.pdf, id=600, 922.16518pt x 501.55379pt>
File: Imagenes/5_Muestreo/a_inst_fs_43_45_k_fin_15k_D_50.pdf Graphic file (type pdf)
<use Imagenes/5_Muestreo/a_inst_fs_43_45_k_fin_15k_D_50.pdf>
Package pdftex.def Info: Imagenes/5_Muestreo/a_inst_fs_43_45_k_fin_15k_D_50.pdf  used on input line 255.
(pdftex.def)             Requested size: 234.6307pt x 127.60753pt.
<Imagenes/5_Muestreo/a_inst_fs_47_49_k_fin_15k_D_50.pdf, id=601, 922.16518pt x 501.55379pt>
File: Imagenes/5_Muestreo/a_inst_fs_47_49_k_fin_15k_D_50.pdf Graphic file (type pdf)
<use Imagenes/5_Muestreo/a_inst_fs_47_49_k_fin_15k_D_50.pdf>
Package pdftex.def Info: Imagenes/5_Muestreo/a_inst_fs_47_49_k_fin_15k_D_50.pdf  used on input line 262.
(pdftex.def)             Requested size: 234.6307pt x 127.60753pt.
<Imagenes/5_Muestreo/a_nat_fs_43_45_k_fin_15k_D_50.pdf, id=602, 922.16518pt x 501.55379pt>
File: Imagenes/5_Muestreo/a_nat_fs_43_45_k_fin_15k_D_50.pdf Graphic file (type pdf)
<use Imagenes/5_Muestreo/a_nat_fs_43_45_k_fin_15k_D_50.pdf>
Package pdftex.def Info: Imagenes/5_Muestreo/a_nat_fs_43_45_k_fin_15k_D_50.pdf  used on input line 275.
(pdftex.def)             Requested size: 234.6307pt x 127.60753pt.
<Imagenes/5_Muestreo/a_nat_fs_47_49_k_fin_15k_D_50.pdf, id=603, 922.16518pt x 501.55379pt>
File: Imagenes/5_Muestreo/a_nat_fs_47_49_k_fin_15k_D_50.pdf Graphic file (type pdf)
<use Imagenes/5_Muestreo/a_nat_fs_47_49_k_fin_15k_D_50.pdf>
Package pdftex.def Info: Imagenes/5_Muestreo/a_nat_fs_47_49_k_fin_15k_D_50.pdf  used on input line 282.
(pdftex.def)             Requested size: 234.6307pt x 127.60753pt.
<Imagenes/5_Muestreo/a_nat_fs_47_49_k_fin_15k_D_50_FFT.pdf, id=604, 922.16518pt x 501.55379pt>
File: Imagenes/5_Muestreo/a_nat_fs_47_49_k_fin_15k_D_50_FFT.pdf Graphic file (type pdf)
<use Imagenes/5_Muestreo/a_nat_fs_47_49_k_fin_15k_D_50_FFT.pdf>
Package pdftex.def Info: Imagenes/5_Muestreo/a_nat_fs_47_49_k_fin_15k_D_50_FFT.pdf  used on input line 299.
(pdftex.def)             Requested size: 234.6307pt x 127.60753pt.
<Imagenes/5_Muestreo/a_inst_fs_47_49_k_fin_15k_D_50_FFT.pdf, id=605, 922.16518pt x 501.55379pt>
File: Imagenes/5_Muestreo/a_inst_fs_47_49_k_fin_15k_D_50_FFT.pdf Graphic file (type pdf)
<use Imagenes/5_Muestreo/a_inst_fs_47_49_k_fin_15k_D_50_FFT.pdf>
Package pdftex.def Info: Imagenes/5_Muestreo/a_inst_fs_47_49_k_fin_15k_D_50_FFT.pdf  used on input line 306.
(pdftex.def)             Requested size: 234.6307pt x 127.60753pt.

Underfull \vbox (badness 10000) has occurred while \output is active []

File: Imagenes/logo.png Graphic file (type png)
<use Imagenes/logo.png>
Package pdftex.def Info: Imagenes/logo.png  used on input line 314.
(pdftex.def)             Requested size: 46.98853pt x 23.0721pt.
 [16 <./Imagenes/5_Muestreo/a_inst_fs_43_45_k_fin_15k_D_50.pdf> <./Imagenes/5_Muestreo/a_inst_fs_47_49_k_fin_15k_D_50.pdf> <./Imagenes/5_Muestreo/a_nat_fs_43_45_k_fin_15k_D_50.pdf> <./Imagenes/5_Muestreo/a_nat_fs_47_49_k_fin_15k_D_50.pdf>]
<Imagenes/5_Muestreo/cuadrada_por_filtro.pdf, id=736, 922.16518pt x 501.55379pt>
File: Imagenes/5_Muestreo/cuadrada_por_filtro.pdf Graphic file (type pdf)
<use Imagenes/5_Muestreo/cuadrada_por_filtro.pdf>
Package pdftex.def Info: Imagenes/5_Muestreo/cuadrada_por_filtro.pdf  used on input line 321.
(pdftex.def)             Requested size: 342.17133pt x 186.10005pt.
<Imagenes/5_Muestreo/a_cuadrada_nat.pdf, id=737, 922.16518pt x 501.55379pt>
File: Imagenes/5_Muestreo/a_cuadrada_nat.pdf Graphic file (type pdf)
<use Imagenes/5_Muestreo/a_cuadrada_nat.pdf>
Package pdftex.def Info: Imagenes/5_Muestreo/a_cuadrada_nat.pdf  used on input line 336.
(pdftex.def)             Requested size: 234.6307pt x 127.60753pt.
<Imagenes/5_Muestreo/a_cuadrada_inst.pdf, id=738, 922.16518pt x 501.55379pt>
File: Imagenes/5_Muestreo/a_cuadrada_inst.pdf Graphic file (type pdf)
<use Imagenes/5_Muestreo/a_cuadrada_inst.pdf>
Package pdftex.def Info: Imagenes/5_Muestreo/a_cuadrada_inst.pdf  used on input line 343.
(pdftex.def)             Requested size: 234.6307pt x 127.60753pt.

Underfull \vbox (badness 10000) has occurred while \output is active []

File: Imagenes/logo.png Graphic file (type png)
<use Imagenes/logo.png>
Package pdftex.def Info: Imagenes/logo.png  used on input line 351.
(pdftex.def)             Requested size: 46.98853pt x 23.0721pt.
 [17 <./Imagenes/5_Muestreo/a_nat_fs_47_49_k_fin_15k_D_50_FFT.pdf> <./Imagenes/5_Muestreo/a_inst_fs_47_49_k_fin_15k_D_50_FFT.pdf> <./Imagenes/5_Muestreo/cuadrada_por_filtro.pdf>]

LaTeX Font Warning: Font shape `T1/cmr/m/scit' undefined
(Font)              using `T1/cmr/m/scsl' instead on input line 356.


Package hyperref Warning: Token not allowed in a PDF string (Unicode):
(hyperref)                removing `math shift' on input line 356.


Package hyperref Warning: Token not allowed in a PDF string (Unicode):
(hyperref)                removing `subscript' on input line 356.


Package hyperref Warning: Token not allowed in a PDF string (Unicode):
(hyperref)                removing `subscript' on input line 356.


Package hyperref Warning: Token not allowed in a PDF string (Unicode):
(hyperref)                removing `subscript' on input line 356.


Package hyperref Warning: Token not allowed in a PDF string (Unicode):
(hyperref)                removing `math shift' on input line 356.

<Imagenes/5_Muestreo/b_nat_temp.pdf, id=846, 922.16518pt x 501.55379pt>
File: Imagenes/5_Muestreo/b_nat_temp.pdf Graphic file (type pdf)
<use Imagenes/5_Muestreo/b_nat_temp.pdf>
Package pdftex.def Info: Imagenes/5_Muestreo/b_nat_temp.pdf  used on input line 367.
(pdftex.def)             Requested size: 234.6307pt x 127.60753pt.
<Imagenes/5_Muestreo/b_inst_temp.pdf, id=847, 922.16518pt x 501.55379pt>
File: Imagenes/5_Muestreo/b_inst_temp.pdf Graphic file (type pdf)
<use Imagenes/5_Muestreo/b_inst_temp.pdf>
Package pdftex.def Info: Imagenes/5_Muestreo/b_inst_temp.pdf  used on input line 377.
(pdftex.def)             Requested size: 234.6307pt x 127.60753pt.
<Imagenes/5_Muestreo/b_SH_temp.pdf, id=848, 922.16518pt x 501.55379pt>
File: Imagenes/5_Muestreo/b_SH_temp.pdf Graphic file (type pdf)
<use Imagenes/5_Muestreo/b_SH_temp.pdf>
Package pdftex.def Info: Imagenes/5_Muestreo/b_SH_temp.pdf  used on input line 384.
(pdftex.def)             Requested size: 234.6307pt x 127.60753pt.
<Imagenes/5_Muestreo/b_nat_FFT.pdf, id=849, 922.16518pt x 501.55379pt>
File: Imagenes/5_Muestreo/b_nat_FFT.pdf Graphic file (type pdf)
<use Imagenes/5_Muestreo/b_nat_FFT.pdf>
Package pdftex.def Info: Imagenes/5_Muestreo/b_nat_FFT.pdf  used on input line 402.
(pdftex.def)             Requested size: 234.6307pt x 127.60753pt.
<Imagenes/5_Muestreo/b_inst_FFT.pdf, id=850, 922.16518pt x 501.55379pt>
File: Imagenes/5_Muestreo/b_inst_FFT.pdf Graphic file (type pdf)
<use Imagenes/5_Muestreo/b_inst_FFT.pdf>
Package pdftex.def Info: Imagenes/5_Muestreo/b_inst_FFT.pdf  used on input line 412.
(pdftex.def)             Requested size: 234.6307pt x 127.60753pt.
<Imagenes/5_Muestreo/b_SH_FFT.pdf, id=851, 922.16518pt x 501.55379pt>
File: Imagenes/5_Muestreo/b_SH_FFT.pdf Graphic file (type pdf)
<use Imagenes/5_Muestreo/b_SH_FFT.pdf>
Package pdftex.def Info: Imagenes/5_Muestreo/b_SH_FFT.pdf  used on input line 419.
(pdftex.def)             Requested size: 234.6307pt x 127.60753pt.
File: Imagenes/logo.png Graphic file (type png)
<use Imagenes/logo.png>
Package pdftex.def Info: Imagenes/logo.png  used on input line 427.
(pdftex.def)             Requested size: 46.98853pt x 23.0721pt.
[18 <./Imagenes/5_Muestreo/a_cuadrada_nat.pdf> <./Imagenes/5_Muestreo/a_cuadrada_inst.pdf> <./Imagenes/5_Muestreo/b_nat_temp.pdf> <./Imagenes/5_Muestreo/b_inst_temp.pdf> <./Imagenes/5_Muestreo/b_SH_temp.pdf>]
File: Imagenes/logo.png Graphic file (type png)
<use Imagenes/logo.png>
Package pdftex.def Info: Imagenes/logo.png  used on input line 449.
(pdftex.def)             Requested size: 46.98853pt x 23.0721pt.
 [19 <./Imagenes/5_Muestreo/b_nat_FFT.pdf> <./Imagenes/5_Muestreo/b_inst_FFT.pdf> <./Imagenes/5_Muestreo/b_SH_FFT.pdf>]

LaTeX Font Warning: Font shape `T1/cmr/m/scit' undefined
(Font)              using `T1/cmr/m/scsl' instead on input line 465.

)
File: Imagenes/logo.png Graphic file (type png)
<use Imagenes/logo.png>
Package pdftex.def Info: Imagenes/logo.png  used on input line 133.
(pdftex.def)             Requested size: 46.98853pt x 23.0721pt.
 [20] (Secciones/6_Remuestreo.tex

LaTeX Font Warning: Font shape `T1/cmr/m/scit' undefined
(Font)              using `T1/cmr/m/scsl' instead on input line 1.


LaTeX Font Warning: Font shape `T1/cmr/m/scit' undefined
(Font)              using `T1/cmr/m/scsl' instead on input line 10.

File: Imagenes/logo.png Graphic file (type png)
<use Imagenes/logo.png>
Package pdftex.def Info: Imagenes/logo.png  used on input line 19.
(pdftex.def)             Requested size: 46.98853pt x 23.0721pt.
[21]

LaTeX Font Warning: Font shape `T1/cmr/m/scit' undefined
(Font)              using `T1/cmr/m/scsl' instead on input line 20.

<Imagenes/6_Mustreo_inst/espectro_original.pdf, id=1130, 462.52798pt x 346.89601pt>
File: Imagenes/6_Mustreo_inst/espectro_original.pdf Graphic file (type pdf)
<use Imagenes/6_Mustreo_inst/espectro_original.pdf>
Package pdftex.def Info: Imagenes/6_Mustreo_inst/espectro_original.pdf  used on input line 54.
(pdftex.def)             Requested size: 234.6307pt x 175.97243pt.
<Imagenes/6_Mustreo_inst/espectro_pam.pdf, id=1131, 462.52798pt x 346.89601pt>
File: Imagenes/6_Mustreo_inst/espectro_pam.pdf Graphic file (type pdf)
<use Imagenes/6_Mustreo_inst/espectro_pam.pdf>
Package pdftex.def Info: Imagenes/6_Mustreo_inst/espectro_pam.pdf  used on input line 64.
(pdftex.def)             Requested size: 234.6307pt x 175.97243pt.
<Imagenes/6_Mustreo_inst/espectro_filtrado.pdf, id=1132, 462.52798pt x 346.89601pt>
File: Imagenes/6_Mustreo_inst/espectro_filtrado.pdf Graphic file (type pdf)
<use Imagenes/6_Mustreo_inst/espectro_filtrado.pdf>
Package pdftex.def Info: Imagenes/6_Mustreo_inst/espectro_filtrado.pdf  used on input line 71.
(pdftex.def)             Requested size: 234.6307pt x 175.97243pt.

Underfull \vbox (badness 10000) has occurred while \output is active []

File: Imagenes/logo.png Graphic file (type png)
<use Imagenes/logo.png>
Package pdftex.def Info: Imagenes/logo.png  used on input line 79.
(pdftex.def)             Requested size: 46.98853pt x 23.0721pt.
 [22]
<Imagenes/6_Mustreo_inst/FFFT_88_2_fs_9_2_fin_NO_FR.pdf, id=1139, 922.16518pt x 501.55379pt>
File: Imagenes/6_Mustreo_inst/FFFT_88_2_fs_9_2_fin_NO_FR.pdf Graphic file (type pdf)
<use Imagenes/6_Mustreo_inst/FFFT_88_2_fs_9_2_fin_NO_FR.pdf>
Package pdftex.def Info: Imagenes/6_Mustreo_inst/FFFT_88_2_fs_9_2_fin_NO_FR.pdf  used on input line 86.
(pdftex.def)             Requested size: 234.6307pt x 127.60753pt.
<Imagenes/6_Mustreo_inst/FFFT_88_2_fs_9_2_fin_FR.pdf, id=1140, 922.16518pt x 501.55379pt>
File: Imagenes/6_Mustreo_inst/FFFT_88_2_fs_9_2_fin_FR.pdf Graphic file (type pdf)
<use Imagenes/6_Mustreo_inst/FFFT_88_2_fs_9_2_fin_FR.pdf>
Package pdftex.def Info: Imagenes/6_Mustreo_inst/FFFT_88_2_fs_9_2_fin_FR.pdf  used on input line 92.
(pdftex.def)             Requested size: 234.6307pt x 127.60753pt.
<Imagenes/6_Mustreo_inst/FFFT_44_1_fs_9_2_fin_FR.pdf, id=1141, 922.16518pt x 501.55379pt>
File: Imagenes/6_Mustreo_inst/FFFT_44_1_fs_9_2_fin_FR.pdf Graphic file (type pdf)
<use Imagenes/6_Mustreo_inst/FFFT_44_1_fs_9_2_fin_FR.pdf>
Package pdftex.def Info: Imagenes/6_Mustreo_inst/FFFT_44_1_fs_9_2_fin_FR.pdf  used on input line 104.
(pdftex.def)             Requested size: 234.6307pt x 127.60753pt.
<Imagenes/6_Mustreo_inst/FFFT_44_1_fs_9_2_fin_NO_FR.pdf, id=1142, 922.16518pt x 501.55379pt>
File: Imagenes/6_Mustreo_inst/FFFT_44_1_fs_9_2_fin_NO_FR.pdf Graphic file (type pdf)
<use Imagenes/6_Mustreo_inst/FFFT_44_1_fs_9_2_fin_NO_FR.pdf>
Package pdftex.def Info: Imagenes/6_Mustreo_inst/FFFT_44_1_fs_9_2_fin_NO_FR.pdf  used on input line 110.
(pdftex.def)             Requested size: 234.6307pt x 127.60753pt.

Underfull \vbox (badness 10000) has occurred while \output is active []

File: Imagenes/logo.png Graphic file (type png)
<use Imagenes/logo.png>
Package pdftex.def Info: Imagenes/logo.png  used on input line 115.
(pdftex.def)             Requested size: 46.98853pt x 23.0721pt.
 [23 <./Imagenes/6_Mustreo_inst/espectro_original.pdf> <./Imagenes/6_Mustreo_inst/espectro_pam.pdf> <./Imagenes/6_Mustreo_inst/espectro_filtrado.pdf> <./Imagenes/6_Mustreo_inst/FFFT_88_2_fs_9_2_fin_NO_FR.pdf> <./Imagenes/6_Mustreo_inst/FFFT_88_2_fs_9_2_fin_FR.pdf>])
File: Imagenes/logo.png Graphic file (type png)
<use Imagenes/logo.png>
Package pdftex.def Info: Imagenes/logo.png  used on input line 135.
(pdftex.def)             Requested size: 46.98853pt x 23.0721pt.
 [24 <./Imagenes/6_Mustreo_inst/FFFT_44_1_fs_9_2_fin_FR.pdf> <./Imagenes/6_Mustreo_inst/FFFT_44_1_fs_9_2_fin_NO_FR.pdf>] (Secciones/7_Sub_nyquist.tex

LaTeX Font Warning: Font shape `T1/cmr/m/scit' undefined
(Font)              using `T1/cmr/m/scsl' instead on input line 1.


LaTeX Font Warning: Font shape `T1/cmr/m/scit' undefined
(Font)              using `T1/cmr/m/scsl' instead on input line 10.

<Imagenes/7_Sub_nyq/esquema_inicial.pdf, id=1392, 511.9125pt x 170.88844pt>
File: Imagenes/7_Sub_nyq/esquema_inicial.pdf Graphic file (type pdf)
<use Imagenes/7_Sub_nyq/esquema_inicial.pdf>
Package pdftex.def Info: Imagenes/7_Sub_nyq/esquema_inicial.pdf  used on input line 17.
(pdftex.def)             Requested size: 488.81833pt x 163.18011pt.
<Imagenes/7_Sub_nyq/cond_nyq.pdf, id=1393, 511.9125pt x 170.88844pt>
File: Imagenes/7_Sub_nyq/cond_nyq.pdf Graphic file (type pdf)
<use Imagenes/7_Sub_nyq/cond_nyq.pdf>
Package pdftex.def Info: Imagenes/7_Sub_nyq/cond_nyq.pdf  used on input line 27.
(pdftex.def)             Requested size: 488.81833pt x 163.18011pt.

Underfull \vbox (badness 10000) has occurred while \output is active []

File: Imagenes/logo.png Graphic file (type png)
<use Imagenes/logo.png>
Package pdftex.def Info: Imagenes/logo.png  used on input line 31.
(pdftex.def)             Requested size: 46.98853pt x 23.0721pt.
 [25 <./Imagenes/7_Sub_nyq/esquema_inicial.pdf>]
<Imagenes/7_Sub_nyq/m_2.pdf, id=1427, 511.9125pt x 170.88844pt>
File: Imagenes/7_Sub_nyq/m_2.pdf Graphic file (type pdf)
<use Imagenes/7_Sub_nyq/m_2.pdf>
Package pdftex.def Info: Imagenes/7_Sub_nyq/m_2.pdf  used on input line 37.
(pdftex.def)             Requested size: 488.81833pt x 163.18011pt.

Underfull \vbox (badness 7291) has occurred while \output is active []

File: Imagenes/logo.png Graphic file (type png)
<use Imagenes/logo.png>
Package pdftex.def Info: Imagenes/logo.png  used on input line 56.
(pdftex.def)             Requested size: 46.98853pt x 23.0721pt.
 [26 <./Imagenes/7_Sub_nyq/cond_nyq.pdf> <./Imagenes/7_Sub_nyq/m_2.pdf>]
<Imagenes/7_Sub_nyq/limites.pdf, id=1496, 511.9125pt x 170.88844pt>
File: Imagenes/7_Sub_nyq/limites.pdf Graphic file (type pdf)
<use Imagenes/7_Sub_nyq/limites.pdf>
Package pdftex.def Info: Imagenes/7_Sub_nyq/limites.pdf  used on input line 74.
(pdftex.def)             Requested size: 488.81833pt x 163.18011pt.
File: Imagenes/logo.png Graphic file (type png)
<use Imagenes/logo.png>
Package pdftex.def Info: Imagenes/logo.png  used on input line 85.
(pdftex.def)             Requested size: 46.98853pt x 23.0721pt.
 [27 <./Imagenes/7_Sub_nyq/limites.pdf>]

LaTeX Font Warning: Font shape `T1/cmr/m/scit' undefined
(Font)              using `T1/cmr/m/scsl' instead on input line 86.


LaTeX Font Warning: Font shape `T1/cmr/m/scit' undefined
(Font)              using `T1/cmr/m/scsl' instead on input line 104.

<Imagenes/7_Sub_nyq/nat_fs_28k_D_25.pdf, id=1571, 922.16518pt x 501.55379pt>
File: Imagenes/7_Sub_nyq/nat_fs_28k_D_25.pdf Graphic file (type pdf)
<use Imagenes/7_Sub_nyq/nat_fs_28k_D_25.pdf>
Package pdftex.def Info: Imagenes/7_Sub_nyq/nat_fs_28k_D_25.pdf  used on input line 110.
(pdftex.def)             Requested size: 234.6307pt x 127.60753pt.
<Imagenes/7_Sub_nyq/SH_fs_28k_D_5.pdf, id=1572, 922.16518pt x 501.55379pt>
File: Imagenes/7_Sub_nyq/SH_fs_28k_D_5.pdf Graphic file (type pdf)
<use Imagenes/7_Sub_nyq/SH_fs_28k_D_5.pdf>
Package pdftex.def Info: Imagenes/7_Sub_nyq/SH_fs_28k_D_5.pdf  used on input line 116.
(pdftex.def)             Requested size: 234.6307pt x 127.60753pt.
<Imagenes/7_Sub_nyq/nat_fs_50k_D_25.pdf, id=1573, 922.16518pt x 501.55379pt>
File: Imagenes/7_Sub_nyq/nat_fs_50k_D_25.pdf Graphic file (type pdf)
<use Imagenes/7_Sub_nyq/nat_fs_50k_D_25.pdf>
Package pdftex.def Info: Imagenes/7_Sub_nyq/nat_fs_50k_D_25.pdf  used on input line 128.
(pdftex.def)             Requested size: 234.6307pt x 127.60753pt.
<Imagenes/7_Sub_nyq/SH_fs_50k_D_5.pdf, id=1574, 922.16518pt x 501.55379pt>
File: Imagenes/7_Sub_nyq/SH_fs_50k_D_5.pdf Graphic file (type pdf)
<use Imagenes/7_Sub_nyq/SH_fs_50k_D_5.pdf>
Package pdftex.def Info: Imagenes/7_Sub_nyq/SH_fs_50k_D_5.pdf  used on input line 134.
(pdftex.def)             Requested size: 234.6307pt x 127.60753pt.

LaTeX Font Warning: Font shape `T1/cmr/m/scit' undefined
(Font)              using `T1/cmr/m/scsl' instead on input line 143.


Underfull \vbox (badness 1173) has occurred while \output is active []

File: Imagenes/logo.png Graphic file (type png)
<use Imagenes/logo.png>
Package pdftex.def Info: Imagenes/logo.png  used on input line 145.
(pdftex.def)             Requested size: 46.98853pt x 23.0721pt.
 [28 <./Imagenes/7_Sub_nyq/nat_fs_28k_D_25.pdf> <./Imagenes/7_Sub_nyq/SH_fs_28k_D_5.pdf> <./Imagenes/7_Sub_nyq/nat_fs_50k_D_25.pdf> <./Imagenes/7_Sub_nyq/SH_fs_50k_D_5.pdf>]
<Imagenes/7_Sub_nyq/nat_fs_28k_D_50.pdf, id=1713, 922.16518pt x 501.55379pt>
File: Imagenes/7_Sub_nyq/nat_fs_28k_D_50.pdf Graphic file (type pdf)
<use Imagenes/7_Sub_nyq/nat_fs_28k_D_50.pdf>
Package pdftex.def Info: Imagenes/7_Sub_nyq/nat_fs_28k_D_50.pdf  used on input line 172.
(pdftex.def)             Requested size: 234.6307pt x 127.60753pt.
<Imagenes/7_Sub_nyq/SH_fs_50k_D_50.pdf, id=1714, 922.16518pt x 501.55379pt>
File: Imagenes/7_Sub_nyq/SH_fs_50k_D_50.pdf Graphic file (type pdf)
<use Imagenes/7_Sub_nyq/SH_fs_50k_D_50.pdf>
Package pdftex.def Info: Imagenes/7_Sub_nyq/SH_fs_50k_D_50.pdf  used on input line 178.
(pdftex.def)             Requested size: 234.6307pt x 127.60753pt.
)
File: Imagenes/logo.png Graphic file (type png)
<use Imagenes/logo.png>
Package pdftex.def Info: Imagenes/logo.png  used on input line 137.
(pdftex.def)             Requested size: 46.98853pt x 23.0721pt.
 [29 <./Imagenes/7_Sub_nyq/nat_fs_28k_D_50.pdf> <./Imagenes/7_Sub_nyq/SH_fs_50k_D_50.pdf>]
File: Imagenes/logo.png Graphic file (type png)
<use Imagenes/logo.png>
Package pdftex.def Info: Imagenes/logo.png  used on input line 147.
(pdftex.def)             Requested size: 46.98853pt x 23.0721pt.
 [30]

LaTeX Font Warning: Font shape `T1/cmr/m/scit' undefined
(Font)              using `T1/cmr/m/scsl' instead on input line 149.

LaTeX Info: Redefining \. on input line 151.
LaTeX Info: Redefining \% on input line 151.
Package babel Info: 'spanish' activates 'spanish' shorthands.
(babel)             Reported on input line 151.
[31

] (main.aux
LaTeX Info: Redefining \sptext on input line 14.
LaTeX Info: Redefining \. on input line 14.
LaTeX Info: Redefining \% on input line 14.
)
 ***********
LaTeX2e <2025-11-01>
L3 programming layer <2020/03/25>
 ***********


LaTeX Warning: There were multiply-defined labels.

Package rerunfilecheck Info: File `main.out' has not changed.
(rerunfilecheck)             Checksum: 2A0E2DDDB75F540161BA8463E06C6157;3882.
Package logreq Info: Writing requests to 'main.run.xml'.
\openout1 = `main.run.xml'.

 ) 
Here is how much of TeX's memory you used:
 66945 strings out of 467871
 1634140 string characters out of 5418376
 2896811 words of memory out of 5000000
 94851 multiletter control sequences out of 15000+600000
 655807 words of font info for 105 fonts, out of 8000000 for 9000
 1141 hyphenation exceptions out of 8191
 114i,16n,132p,1081b,1939s stack positions out of 10000i,1000n,20000p,200000b,200000s
 <C:\Users\herra\AppData\Local\MiKTeX\fonts/pk/ljfour/jknappen/ec/dpi600\ectt1200.pk> <C:\Users\herra\AppData\Local\MiKTeX\fonts/pk/ljfour/jknappen/ec/dpi600\eccc1095.pk> <C:\Users\herra\AppData\Local\MiKTeX\fonts/pk/ljfour/jknappen/ec/dpi600\tcrm1200.pk> <C:\Users\herra\AppData\Local\MiKTeX\fonts/pk/ljfour/jknappen/ec/dpi600\ecti0800.pk> <C:\Users\herra\AppData\Local\MiKTeX\fonts/pk/ljfour/jknappen/ec/dpi600\ecrm0800.pk> <C:\Users\herra\AppData\Local\MiKTeX\fonts/pk/ljfour/jknappen/ec/dpi600\ecsc1200.pk> <C:\Users\herra\AppData\Local\MiKTeX\fonts/pk/ljfour/jknappen/ec/dpi600\ecti1000.pk> <C:\Users\herra\AppData\Local\MiKTeX\fonts/pk/ljfour/jknappen/ec/dpi600\ecbx1000.pk> <C:\Users\herra\AppData\Local\MiKTeX\fonts/pk/ljfour/jknappen/ec/dpi600\eccc1000.pk> <C:\Users\herra\AppData\Local\MiKTeX\fonts/pk/ljfour/jknappen/ec/dpi600\ecsc1095.pk> <C:\Users\herra\AppData\Local\MiKTeX\fonts/pk/ljfour/jknappen/ec/dpi600\ecti1200.pk> <C:\Users\herra\AppData\Local\MiKTeX\fonts/pk/ljfour/jknappen/ec/dpi600\eccc1200.pk> <C:\Users\herra\AppData\Local\MiKTeX\fonts/pk/ljfour/jknappen/ec/dpi600\ecrm1000.pk> <C:\Users\herra\AppData\Local\MiKTeX\fonts/pk/ljfour/jknappen/ec/dpi600\ecbx1200.pk> <C:\Users\herra\AppData\Local\MiKTeX\fonts/pk/ljfour/jknappen/ec/dpi600\ecxc1728.pk> <C:\Users\herra\AppData\Local\MiKTeX\fonts/pk/ljfour/jknappen/ec/dpi600\ecrm1200.pk> <C:\Users\herra\AppData\Local\MiKTeX\fonts/pk/ljfour/jknappen/ec/dpi600\ecrm1440.pk> <C:\Users\herra\AppData\Local\MiKTeX\fonts/pk/ljfour/jknappen/ec/dpi600\eccc2488.pk> <C:\Users\herra\AppData\Local\MiKTeX\fonts/pk/ljfour/jknappen/ec/dpi600\ecti1440.pk><C:/Users/herra/AppData/Local/Programs/MiKTeX/fonts/type1/public/amsfonts/cm/cmex10.pfb><C:/Users/herra/AppData/Local/Programs/MiKTeX/fonts/type1/public/amsfonts/cm/cmmi10.pfb><C:/Users/herra/AppData/Local/Programs/MiKTeX/fonts/type1/public/amsfonts/cm/cmmi12.pfb><C:/Users/herra/AppData/Local/Programs/MiKTeX/fonts/type1/public/amsfonts/cm/cmmi6.pfb><C:/Users/herra/AppData/Local/Programs/MiKTeX/fonts/type1/public/amsfonts/cm/cmmi7.pfb><C:/Users/herra/AppData/Local/Programs/MiKTeX/fonts/type1/public/amsfonts/cm/cmmi8.pfb><C:/Users/herra/AppData/Local/Programs/MiKTeX/fonts/type1/public/amsfonts/cm/cmr10.pfb><C:/Users/herra/AppData/Local/Programs/MiKTeX/fonts/type1/public/amsfonts/cm/cmr12.pfb><C:/Users/herra/AppData/Local/Programs/MiKTeX/fonts/type1/public/amsfonts/cm/cmr6.pfb><C:/Users/herra/AppData/Local/Programs/MiKTeX/fonts/type1/public/amsfonts/cm/cmr8.pfb><C:/Users/herra/AppData/Local/Programs/MiKTeX/fonts/type1/public/amsfonts/cm/cmsy10.pfb><C:/Users/herra/AppData/Local/Programs/MiKTeX/fonts/type1/public/amsfonts/cm/cmsy6.pfb><C:/Users/herra/AppData/Local/Programs/MiKTeX/fonts/type1/public/amsfonts/cm/cmsy8.pfb><C:/Users/herra/AppData/Local/Programs/MiKTeX/fonts/type1/public/amsfonts/symbols/msam10.pfb><C:/Users/herra/AppData/Local/Programs/MiKTeX/fonts/type1/public/amsfonts/symbols/msbm10.pfb>
Output written on main.pdf (31 pages, 1798930 bytes).
PDF statistics:
 2459 PDF objects out of 2487 (max. 8388607)
 109 named destinations out of 1000 (max. 500000)
 440 words of extra memory for PDF output out of 10000 (max. 10000000)

